2018-08-17 13:06:34 [scrapy] DEBUG: Crawled (200) <GET https://www.tripadvisor.com/robots.txt> (referer: None)
2018-08-17 13:06:34 [scrapy] DEBUG: Forbidden by robots.txt: <GET https://www.tripadvisor.com/Search?q=undefined>
2018-08-17 13:06:34 [scrapy] INFO: Closing spider (finished)
2018-08-17 13:06:35 [scrapy] INFO: Dumping Scrapy stats:
{'downloader/exception_count': 1,
 'downloader/exception_type_count/scrapy.exceptions.IgnoreRequest': 1,
 'downloader/request_bytes': 228,
 'downloader/request_count': 1,
 'downloader/request_method_count/GET': 1,
 'downloader/response_bytes': 6997,
 'downloader/response_count': 1,
 'downloader/response_status_count/200': 1,
 'finish_reason': 'finished',
 'finish_time': datetime.datetime(2018, 8, 17, 7, 36, 34, 999700),
 'log_count/DEBUG': 2,
 'log_count/INFO': 6,
 'memusage/max': 55480320,
 'memusage/startup': 55480320,
 'response_received_count': 1,
 'scheduler/dequeued': 1,
 'scheduler/dequeued/memory': 1,
 'scheduler/enqueued': 1,
 'scheduler/enqueued/memory': 1,
 'start_time': datetime.datetime(2018, 8, 17, 7, 36, 34, 26908)}
2018-08-17 13:06:35 [scrapy] INFO: Spider closed (finished)
