2018-08-16 14:33:14 [scrapy] DEBUG: Crawled (200) <GET https://www.tripadvisor.com/robots.txt> (referer: None)
2018-08-16 14:33:15 [scrapy] DEBUG: Crawled (200) <GET https://www.tripadvisor.com/Hotels-g304551-New_Delhi_National_Capital_Territory_of_Delhi-Hotels.html> (referer: None)
2018-08-16 14:33:16 [scrapy] DEBUG: Crawled (200) <GET https://www.tripadvisor.in/robots.txt> (referer: None)
2018-08-16 14:33:17 [scrapy] DEBUG: Crawled (200) <GET https://www.tripadvisor.in/Hotel_Review-g304551-d7767213-Reviews-Pullman_New_Delhi_Aerocity-New_Delhi_National_Capital_Territory_of_Delhi.html> (referer: https://www.tripadvisor.com/Hotels-g304551-New_Delhi_National_Capital_Territory_of_Delhi-Hotels.html)
2018-08-16 14:33:17 [scrapy] DEBUG: Crawled (200) <GET https://www.tripadvisor.in/Hotel_Review-g304551-d299120-Reviews-The_Lalit_New_Delhi-New_Delhi_National_Capital_Territory_of_Delhi.html> (referer: https://www.tripadvisor.com/Hotels-g304551-New_Delhi_National_Capital_Territory_of_Delhi-Hotels.html)
2018-08-16 14:33:17 [scrapy] DEBUG: Crawled (200) <GET https://www.tripadvisor.in/Hotel_Review-g304551-d1142157-Reviews-Taj_Princess_Hotel-New_Delhi_National_Capital_Territory_of_Delhi.html> (referer: https://www.tripadvisor.com/Hotels-g304551-New_Delhi_National_Capital_Territory_of_Delhi-Hotels.html)
2018-08-16 14:33:17 [scrapy] DEBUG: Crawled (200) <GET https://www.tripadvisor.in/Hotel_Review-g304551-d1415547-Reviews-Hotel_Hari_Piorko-New_Delhi_National_Capital_Territory_of_Delhi.html> (referer: https://www.tripadvisor.com/Hotels-g304551-New_Delhi_National_Capital_Territory_of_Delhi-Hotels.html)
2018-08-16 14:33:17 [scrapy] DEBUG: Scraped from <200 https://www.tripadvisor.in/Hotel_Review-g304551-d7767213-Reviews-Pullman_New_Delhi_Aerocity-New_Delhi_National_Capital_Territory_of_Delhi.html>
{'review': u'I would like to express my thanks and appreciation for the service and care I received at Pullman hotel.... Special thanks to Mr. Sumit Pawaria from Banquets. Thank you again for such outstanding service.\n\nRegards,\nAshish Verma\nHead Operations', 'user_contribution': u'3', 'user_name': u'Ashish V', 'heading': u'Thanks for Special Care.....!!', 'hotel_name': u'Pullman New Delhi Aerocity'}
2018-08-16 14:33:17 [scrapy] DEBUG: Crawled (200) <GET https://www.tripadvisor.in/Hotel_Review-g304551-d651014-Reviews-Hotel_Tara_Palace_Chandni_Chowk-New_Delhi_National_Capital_Territory_of_Delhi.html> (referer: https://www.tripadvisor.com/Hotels-g304551-New_Delhi_National_Capital_Territory_of_Delhi-Hotels.html)
2018-08-16 14:33:17 [scrapy] DEBUG: Scraped from <200 https://www.tripadvisor.in/Hotel_Review-g304551-d7767213-Reviews-Pullman_New_Delhi_Aerocity-New_Delhi_National_Capital_Territory_of_Delhi.html>
{'review': u'Pullman at Aerocity is lavish hotel.Elegant,refined,luxurious and extravagant!Attention and wit has been given to interesting design elements.\nRooms are very comfortable and incorporate top notch amenities and facilities.Restrooms are very aesthetically designed and fitted with top class faucets and accessories.\nIn Room Dining is good...', 'user_contribution': u'114', 'user_name': u'dranuragbansall', 'heading': u'Plush & Superlative', 'hotel_name': u'Pullman New Delhi Aerocity'}
2018-08-16 14:33:17 [scrapy] DEBUG: Scraped from <200 https://www.tripadvisor.in/Hotel_Review-g304551-d7767213-Reviews-Pullman_New_Delhi_Aerocity-New_Delhi_National_Capital_Territory_of_Delhi.html>
{'review': u'Pullman is a huge lovely property with few amazing dining options and an amazing pool , but what really made me like the hotel is the hospitality, lovely staff right from the moment I stepped out of my car till I left the hotel, warm...', 'user_contribution': u'52', 'user_name': u'Prabhleen K', 'heading': u'Beautiful Property with Lovely Staff', 'hotel_name': u'Pullman New Delhi Aerocity'}
2018-08-16 14:33:17 [scrapy] DEBUG: Scraped from <200 https://www.tripadvisor.in/Hotel_Review-g304551-d7767213-Reviews-Pullman_New_Delhi_Aerocity-New_Delhi_National_Capital_Territory_of_Delhi.html>
{'review': u'We had a short business trip to Delhi together with my wife! Temperature in July is toooooo HIGH!!! 42-45 Celsius degrees!!\r\nNot Acceptable very horrendous,\r\n\r\n If you are going to sightseeing as well take cold towel, helps a lot and drink a lot of water!!...', 'user_contribution': u'1', 'user_name': u'Graham_217', 'heading': u'Friendly and Very attentive Staff', 'hotel_name': u'Pullman New Delhi Aerocity'}
2018-08-16 14:33:17 [scrapy] DEBUG: Scraped from <200 https://www.tripadvisor.in/Hotel_Review-g304551-d7767213-Reviews-Pullman_New_Delhi_Aerocity-New_Delhi_National_Capital_Territory_of_Delhi.html>
{'review': u'Was upgraded to a suite for this trip. Brilliant Chinese restaurant and executive lounge! Very nicely located near the airport. \r\n\r\nOnly negative- Housekeeping almost came and demanded the room to be cleaned then. Privacy should be given more consideration and even a phone call before...', 'user_contribution': u'1', 'user_name': u'Neelabha', 'heading': u'Very comfortable stay.', 'hotel_name': u'Pullman New Delhi Aerocity'}
2018-08-16 14:33:17 [scrapy] DEBUG: Scraped from <200 https://www.tripadvisor.in/Hotel_Review-g304551-d299120-Reviews-The_Lalit_New_Delhi-New_Delhi_National_Capital_Territory_of_Delhi.html>
{'review': u'I met Ashish at reception he help me when I think system was shut down. But he send his staff to club lounge to make that work asap. And that was amicable. Everyone  was very help full Saloni, Rohit, Akash', 'user_contribution': u'2', 'user_name': u'Ravikant S', 'heading': u'Very Efficient', 'hotel_name': u'The Lalit New Delhi'}
2018-08-16 14:33:17 [scrapy] DEBUG: Scraped from <200 https://www.tripadvisor.in/Hotel_Review-g304551-d299120-Reviews-The_Lalit_New_Delhi-New_Delhi_National_Capital_Territory_of_Delhi.html>
{'review': u'Enjoyed the quiteness, cleaniness which sets an example for great hospitality. \r\n\r\nWe were warmly welcomed by the staff ( Ms. ISHANI ) and Frontdesk Manager ( Mr. Rahat ) & restaurant supervisor deserves a special thanks. \r\n\r\nWe had certain great evenings here, which obviously also...', 'user_contribution': u'2', 'user_name': u'Nitin S', 'heading': u'Always Welcoming', 'hotel_name': u'The Lalit New Delhi'}
2018-08-16 14:33:17 [scrapy] DEBUG: Scraped from <200 https://www.tripadvisor.in/Hotel_Review-g304551-d299120-Reviews-The_Lalit_New_Delhi-New_Delhi_National_Capital_Territory_of_Delhi.html>
{'review': u'Went here just with my friends on birthday occasion. It was such a pleasure staying here with beautiful experience though. Staff was overwhelming, always smiling face. friendly people with good service. Special thanks to few staff members who made my stay really beautiful ( Pushkin,...', 'user_contribution': u'2', 'user_name': u'Niharika M', 'heading': u'Very nice experience', 'hotel_name': u'The Lalit New Delhi'}
2018-08-16 14:33:17 [scrapy] DEBUG: Scraped from <200 https://www.tripadvisor.in/Hotel_Review-g304551-d299120-Reviews-The_Lalit_New_Delhi-New_Delhi_National_Capital_Territory_of_Delhi.html>
{'review': u'Aashish and rohit and saloni very good staff is always smiling and ready go help ppol is very good and food is too awese favourite staff front especially aashish i will definately come back and thanku akash for good room', 'user_contribution': u'2', 'user_name': u'\u05d0\u05d5\u05e8\u05dc\u05d9 \u05d5', 'heading': u'Very very good hotel.', 'hotel_name': u'The Lalit New Delhi'}
2018-08-16 14:33:17 [scrapy] DEBUG: Scraped from <200 https://www.tripadvisor.in/Hotel_Review-g304551-d299120-Reviews-The_Lalit_New_Delhi-New_Delhi_National_Capital_Territory_of_Delhi.html>
{'review': u'Stayed the lalit new delhi for seven nights with my wife \r\nWe enjoyed alotttttt.  they prove best service i have ever seen ,i want to mention their great hospitality \r\nI want to mention who treatedus very good saloni , ashish you both are really good...', 'user_contribution': u'1', 'user_name': u'Sukhjinder S', 'heading': u'Great trip at lalit', 'hotel_name': u'The Lalit New Delhi'}
2018-08-16 14:33:17 [scrapy] DEBUG: Crawled (200) <GET https://www.tripadvisor.in/Hotel_Review-g304551-d9455235-Reviews-Pride_Plaza_Hotel_Aerocity_New_Delhi-New_Delhi_National_Capital_Territory_of_Delhi.html> (referer: https://www.tripadvisor.com/Hotels-g304551-New_Delhi_National_Capital_Territory_of_Delhi-Hotels.html)
2018-08-16 14:33:17 [scrapy] DEBUG: Scraped from <200 https://www.tripadvisor.in/Hotel_Review-g304551-d1142157-Reviews-Taj_Princess_Hotel-New_Delhi_National_Capital_Territory_of_Delhi.html>
{'review': u"I wasn't expecting the hotel to be that good. The rooms were of decent size. The hotel was clean and comfortable. Its location is very convenient if you are in Delhi to shop. The Karol Bagh Metro station is at a walking distance. Though we...", 'user_contribution': u'20', 'user_name': u'Risat T', 'heading': u'Good hotel at a good location', 'hotel_name': u'Taj Princess Hotel'}
2018-08-16 14:33:17 [scrapy] DEBUG: Scraped from <200 https://www.tripadvisor.in/Hotel_Review-g304551-d1142157-Reviews-Taj_Princess_Hotel-New_Delhi_National_Capital_Territory_of_Delhi.html>
{'review': u'We stayed here at either end of an Intrepid tour, and were pleasantly surprised by the quality of the Taj Princess. The lobby area is small but clean, and the staff were courteous. The rooms are also compact, but were clean and (most importantly) the...', 'user_contribution': u'78', 'user_name': u'HammockDweller', 'heading': u'Cool, quiet and comfortable', 'hotel_name': u'Taj Princess Hotel'}
2018-08-16 14:33:17 [scrapy] DEBUG: Scraped from <200 https://www.tripadvisor.in/Hotel_Review-g304551-d1142157-Reviews-Taj_Princess_Hotel-New_Delhi_National_Capital_Territory_of_Delhi.html>
{'review': u'I was amazed to walk into this city hotel to find a white marble stair case. The hotel is bright clean and well maintained . Rooms are cool well decorated and appointed. The food and service from the boys in the restaurant was excellent. Swagat...', 'user_contribution': u'15', 'user_name': u'Alex P', 'heading': u'Big suprise', 'hotel_name': u'Taj Princess Hotel'}
2018-08-16 14:33:17 [scrapy] DEBUG: Scraped from <200 https://www.tripadvisor.in/Hotel_Review-g304551-d1142157-Reviews-Taj_Princess_Hotel-New_Delhi_National_Capital_Territory_of_Delhi.html>
{'review': u'good service but liquor facility is not available in hotel. please do the needful. \r\noverall its good to stay there.. safe environment. but surrounding area is very rushy and cheap. very hard to find out route of hotel. it is inside of karol baugh area.', 'user_contribution': u'2', 'user_name': u'yash2904', 'heading': u'good room with hospitality.', 'hotel_name': u'Taj Princess Hotel'}
2018-08-16 14:33:17 [scrapy] DEBUG: Scraped from <200 https://www.tripadvisor.in/Hotel_Review-g304551-d1142157-Reviews-Taj_Princess_Hotel-New_Delhi_National_Capital_Territory_of_Delhi.html>
{'review': u'no doubt it is poor hotel. very cheap. best option for poor people. no welcoming good. tired all staff. rudely. no cleaning in the lobby. duffer staff. no ask for water service. thanks to be a nice experience in delhi, karol bagh area. never come...', 'user_contribution': u'2', 'user_name': u'panther46_solie', 'heading': u'very very poor hotel', 'hotel_name': u'Taj Princess Hotel'}
2018-08-16 14:33:17 [scrapy] DEBUG: Scraped from <200 https://www.tripadvisor.in/Hotel_Review-g304551-d1415547-Reviews-Hotel_Hari_Piorko-New_Delhi_National_Capital_Territory_of_Delhi.html>
{'review': u'Extremely helpful and friendly staff! Mr. Nitin made the hotel experience seem almost like a home in a foreign country. Hotel is clean and serviced 24 hours with a will to accommodate your every need. Will highly recommend!', 'user_contribution': u'2', 'user_name': u'Rafiuzzaman A', 'heading': u'Slendid Experience - Highly recommended', 'hotel_name': u'Hotel Hari Piorko'}
2018-08-16 14:33:17 [scrapy] DEBUG: Scraped from <200 https://www.tripadvisor.in/Hotel_Review-g304551-d1415547-Reviews-Hotel_Hari_Piorko-New_Delhi_National_Capital_Territory_of_Delhi.html>
{'review': u"Wehenever in Delhi, we always stay here. It's a great hotel with all the required amenities and facilities. The rooms are always clean and tidy,  & the service is great. The staff is polite and helpful and we would recommend this hotel to all.", 'user_contribution': u'1', 'user_name': u'Nupoor S', 'heading': u'Great Hotel!!!', 'hotel_name': u'Hotel Hari Piorko'}
2018-08-16 14:33:17 [scrapy] DEBUG: Scraped from <200 https://www.tripadvisor.in/Hotel_Review-g304551-d1415547-Reviews-Hotel_Hari_Piorko-New_Delhi_National_Capital_Territory_of_Delhi.html>
{'review': u'Great hotel. Location may not suit to some of the travelers but who cares if you get real value for your bucks. This hotel is exactly in main market of famous Paharganj, so expect real chaos and noisy streets during day time. Getting in/out of...', 'user_contribution': u'30', 'user_name': u'ShobhitPundir', 'heading': u'Heaven in chaos', 'hotel_name': u'Hotel Hari Piorko'}
2018-08-16 14:33:17 [scrapy] DEBUG: Scraped from <200 https://www.tripadvisor.in/Hotel_Review-g304551-d1415547-Reviews-Hotel_Hari_Piorko-New_Delhi_National_Capital_Territory_of_Delhi.html>
{'review': u"The hotel is quite conveniently located near the New Delhi. The rooms are clean although a bit cramped. We got the family room but it wasn't up to par with the single or double rooms. The air-conditioning was insufficient to cool the large room and...", 'user_contribution': u'17', 'user_name': u'vishalsh521', 'heading': u'Significantly better than the other hotels in the area', 'hotel_name': u'Hotel Hari Piorko'}
2018-08-16 14:33:17 [scrapy] DEBUG: Scraped from <200 https://www.tripadvisor.in/Hotel_Review-g304551-d1415547-Reviews-Hotel_Hari_Piorko-New_Delhi_National_Capital_Territory_of_Delhi.html>
{'review': u'I am a non Hindi speaker and I was wondering where I will stay during my first visit to Delhi. GOD showed me this wounderful place to stay.it was a good experience and I stayed here for three days and wishing to come back again....', 'user_contribution': u'1', 'user_name': u'JijuninanRehoboth', 'heading': u'A blessed stay for non Hindi speaker ', 'hotel_name': u'Hotel Hari Piorko'}
2018-08-16 14:33:17 [scrapy] DEBUG: Scraped from <200 https://www.tripadvisor.in/Hotel_Review-g304551-d651014-Reviews-Hotel_Tara_Palace_Chandni_Chowk-New_Delhi_National_Capital_Territory_of_Delhi.html>
{'review': u'Good hotel in crowded area like Chandani Chowk truely value for money as the place is accessible easily to any part of Delhi.Staff is good and cooperative, delicious breakfast served all in all good place at the center of the city', 'user_contribution': u'8', 'user_name': u'arhatraveller', 'heading': u'Good hotel', 'hotel_name': u'Hotel Tara Palace Chandni Chowk'}
2018-08-16 14:33:17 [scrapy] DEBUG: Scraped from <200 https://www.tripadvisor.in/Hotel_Review-g304551-d651014-Reviews-Hotel_Tara_Palace_Chandni_Chowk-New_Delhi_National_Capital_Territory_of_Delhi.html>
{'review': u'This is my "Delhi hotel," having stayed there many times. I like being in Old Delhi, experiencing its history, craziness, sights and sounds. This hotel is perfectly located, close to the Red Fort, Sikh Gurdwara, metro stops, Hindu temple, Spice Market and more.\r\n\r\nThe staff...', 'user_contribution': u'105', 'user_name': u'VAKYogini', 'heading': u'GREAT BUDGET PROPERTY', 'hotel_name': u'Hotel Tara Palace Chandni Chowk'}
2018-08-16 14:33:17 [scrapy] DEBUG: Scraped from <200 https://www.tripadvisor.in/Hotel_Review-g304551-d651014-Reviews-Hotel_Tara_Palace_Chandni_Chowk-New_Delhi_National_Capital_Territory_of_Delhi.html>
{'review': u'Old Delhi is intense, very intense, but if you decide to stay there Tara Palace is a good choice. \nThe hotel is located in an unwelcoming narrow lane but once you\u2019re inside it gets better. The guys at reception speak good English and after a...', 'user_contribution': u'22', 'user_name': u'LittleJasmine05', 'heading': u'Good budget option in Old Delhi ', 'hotel_name': u'Hotel Tara Palace Chandni Chowk'}
2018-08-16 14:33:17 [scrapy] DEBUG: Scraped from <200 https://www.tripadvisor.in/Hotel_Review-g304551-d651014-Reviews-Hotel_Tara_Palace_Chandni_Chowk-New_Delhi_National_Capital_Territory_of_Delhi.html>
{'review': u'A friendly Indian hotel right in the heart of Old Delhi; location couldn\u2019t be better for exploring the vast bazaar area immediately on the doorstep. 10 minute walk to the Red Fort and to the brilliant Metro station, a clean, cheap, safe and efficient way...', 'user_contribution': u'69', 'user_name': u'bse69', 'heading': u'Location, location', 'hotel_name': u'Hotel Tara Palace Chandni Chowk'}
2018-08-16 14:33:17 [scrapy] DEBUG: Scraped from <200 https://www.tripadvisor.in/Hotel_Review-g304551-d651014-Reviews-Hotel_Tara_Palace_Chandni_Chowk-New_Delhi_National_Capital_Territory_of_Delhi.html>
{'review': u'Stayed in this hotel for second time in january, Must say good hotel,friendly staff, and location very good, but i feel pricing is little high, and i had a complimentary breakfast which was very good.', 'user_contribution': u'22', 'user_name': u'Rahamathulla', 'heading': u'Nice Hotel', 'hotel_name': u'Hotel Tara Palace Chandni Chowk'}
2018-08-16 14:33:17 [scrapy] DEBUG: Scraped from <200 https://www.tripadvisor.in/Hotel_Review-g304551-d9455235-Reviews-Pride_Plaza_Hotel_Aerocity_New_Delhi-New_Delhi_National_Capital_Territory_of_Delhi.html>
{'review': u'For the price the Hotel is a really good one! Very friendly stuff, excellent breakfast, quiet and nice room. I am completely content with my choice and can recommend it. I stayed just for one night because of transit and met in this short time...', 'user_contribution': u'1', 'user_name': u'Lilit M', 'heading': u'5 Ladies', 'hotel_name': u'Pride Plaza Hotel Aerocity New Delhi'}
2018-08-16 14:33:17 [scrapy] DEBUG: Scraped from <200 https://www.tripadvisor.in/Hotel_Review-g304551-d9455235-Reviews-Pride_Plaza_Hotel_Aerocity_New_Delhi-New_Delhi_National_Capital_Territory_of_Delhi.html>
{'review': u'I was there for a week for Business meeting. I like the rooms and the services. Generally, the food at 4 star or 5 star hotels is not so great but here I found special care is taken in preparation and preserving the taste. I...', 'user_contribution': u'1', 'user_name': u'Jatinkhanna4875', 'heading': u'A homely Business stay', 'hotel_name': u'Pride Plaza Hotel Aerocity New Delhi'}
2018-08-16 14:33:17 [scrapy] DEBUG: Scraped from <200 https://www.tripadvisor.in/Hotel_Review-g304551-d9455235-Reviews-Pride_Plaza_Hotel_Aerocity_New_Delhi-New_Delhi_National_Capital_Territory_of_Delhi.html>
{'review': u'Nice hotel with supporting staff. Location is plus point for this hotel.\r\nFood was also tasty. \r\nthis was my first in this hotel and i am very impress with there services.\r\ni enjoyed lot in this place.\r\nHousekeeping staff very friendly and helpful.', 'user_contribution': u'2', 'user_name': u'KUMAR R', 'heading': u'Nice Place for stay', 'hotel_name': u'Pride Plaza Hotel Aerocity New Delhi'}
2018-08-16 14:33:17 [scrapy] DEBUG: Scraped from <200 https://www.tripadvisor.in/Hotel_Review-g304551-d9455235-Reviews-Pride_Plaza_Hotel_Aerocity_New_Delhi-New_Delhi_National_Capital_Territory_of_Delhi.html>
{'review': u'First impression on arrival was good reception area and welcome was very nice. But that was about the best part. I made a reservation (paid in advance) via a large online booking agent and this was not found so 15 minutes wasted sitting around the...', 'user_contribution': u'48', 'user_name': u'top_kella', 'heading': u'Average hotel with lots of issues ', 'hotel_name': u'Pride Plaza Hotel Aerocity New Delhi'}
2018-08-16 14:33:17 [scrapy] DEBUG: Scraped from <200 https://www.tripadvisor.in/Hotel_Review-g304551-d9455235-Reviews-Pride_Plaza_Hotel_Aerocity_New_Delhi-New_Delhi_National_Capital_Territory_of_Delhi.html>
{'review': u'We stayed at Pride PLaza for a weekend and was pleased to see the way hotel staff has treated us! Their hospitality has encouraged us to recommend this property to everyone looking forward to a relaxed, comfy and pleasurable stay at this hotel. Special mention...', 'user_contribution': u'1', 'user_name': u'Komal S', 'heading': u'Pleasurable and customised stay', 'hotel_name': u'Pride Plaza Hotel Aerocity New Delhi'}
2018-08-16 14:33:18 [scrapy] DEBUG: Crawled (200) <GET https://www.tripadvisor.in/Hotel_Review-g304551-d11926258-Reviews-Andaz_Delhi_A_concept_by_Hyatt-New_Delhi_National_Capital_Territory_of_Delhi.html> (referer: https://www.tripadvisor.com/Hotels-g304551-New_Delhi_National_Capital_Territory_of_Delhi-Hotels.html)
2018-08-16 14:33:18 [scrapy] DEBUG: Crawled (200) <GET https://www.tripadvisor.in/Hotel_Review-g304551-d1886790-Reviews-Hotel_Pawan_Plaza-New_Delhi_National_Capital_Territory_of_Delhi.html> (referer: https://www.tripadvisor.com/Hotels-g304551-New_Delhi_National_Capital_Territory_of_Delhi-Hotels.html)
2018-08-16 14:33:18 [scrapy] DEBUG: Scraped from <200 https://www.tripadvisor.in/Hotel_Review-g304551-d11926258-Reviews-Andaz_Delhi_A_concept_by_Hyatt-New_Delhi_National_Capital_Territory_of_Delhi.html>
{'review': u"Friendly and helpful staff :)\r\nThe room is very comfortable, and clean, nice decor and design.\r\nThere is a air purifier inside the room which help keeping the air clean.\r\nI had breakfast at their restaurant, it's buffet style. \r\nYou can have wide range of...", 'user_contribution': u'3', 'user_name': u'FlywithToffee', 'heading': u'Definitely will recommend to friend who will visit Delhi', 'hotel_name': u'Andaz Delhi - A concept by Hyatt'}
2018-08-16 14:33:18 [scrapy] DEBUG: Scraped from <200 https://www.tripadvisor.in/Hotel_Review-g304551-d11926258-Reviews-Andaz_Delhi_A_concept_by_Hyatt-New_Delhi_National_Capital_Territory_of_Delhi.html>
{'review': u'We stayed here with our two children aged 11 and 10 in a suite for three nights . On check in they advised they had upgraded us to a larger suite. The room was  indeed large with a  separate living area (rm 201). They made...', 'user_contribution': u'21', 'user_name': u'bobby_zamorascores', 'heading': u'Faultless hotel - excellent quality and fantastic staff', 'hotel_name': u'Andaz Delhi - A concept by Hyatt'}
2018-08-16 14:33:18 [scrapy] DEBUG: Scraped from <200 https://www.tripadvisor.in/Hotel_Review-g304551-d11926258-Reviews-Andaz_Delhi_A_concept_by_Hyatt-New_Delhi_National_Capital_Territory_of_Delhi.html>
{'review': u'I had booked here for my family for layover at New Delhi Airport for 24 hours. Family absolutely loved this place and had a nice time. The service and food were excellent especially the breakfast. The staff went out of the way to make the...', 'user_contribution': u'5', 'user_name': u'Nayyar R', 'heading': u'Nice and Comfortable', 'hotel_name': u'Andaz Delhi - A concept by Hyatt'}
2018-08-16 14:33:18 [scrapy] DEBUG: Scraped from <200 https://www.tripadvisor.in/Hotel_Review-g304551-d11926258-Reviews-Andaz_Delhi_A_concept_by_Hyatt-New_Delhi_National_Capital_Territory_of_Delhi.html>
{'review': u'We stayed at Andaz between 01-03 August and 08-11 August 2018. There were a total of 8 of us including 3 kids (2 toddlers, one teenager) in their 2 bedroom apartment. The stay was simply lovely and perfect for a family of our size.\r\n\r\nThey...', 'user_contribution': u'7', 'user_name': u'sars_87', 'heading': u'Perfect family stay', 'hotel_name': u'Andaz Delhi - A concept by Hyatt'}
2018-08-16 14:33:18 [scrapy] DEBUG: Scraped from <200 https://www.tripadvisor.in/Hotel_Review-g304551-d11926258-Reviews-Andaz_Delhi_A_concept_by_Hyatt-New_Delhi_National_Capital_Territory_of_Delhi.html>
{'review': u'A lovely hotel, modern but unorthodox in its decor, food and service. Located well for travellers flying in and out of Delhi, but quite far from the hustle and bustle of Delhi as well as its sights. Spent fair amount of time in taxy rides...', 'user_contribution': u'1', 'user_name': u'arvindiaf', 'heading': u'A short business stay', 'hotel_name': u'Andaz Delhi - A concept by Hyatt'}
2018-08-16 14:33:18 [scrapy] DEBUG: Scraped from <200 https://www.tripadvisor.in/Hotel_Review-g304551-d1886790-Reviews-Hotel_Pawan_Plaza-New_Delhi_National_Capital_Territory_of_Delhi.html>
{'review': u'my room was clean and neat with good air conditioning and an amazing shower. the hotel is very good as staff is ready to help in an cost as they can ....\nthe dinner was delicious and we hope to come back in our next...', 'user_contribution': u'1', 'user_name': u'arvindsinh z', 'heading': u'good place to stay ', 'hotel_name': u'Hotel Pawan Plaza'}
2018-08-16 14:33:18 [scrapy] DEBUG: Scraped from <200 https://www.tripadvisor.in/Hotel_Review-g304551-d1886790-Reviews-Hotel_Pawan_Plaza-New_Delhi_National_Capital_Territory_of_Delhi.html>
{'review': u'Please avoid staying here coz if you do, please be ready to sleep on dirty bedsheets in a dirty room with an awful stench and heaps of mosquitoes. The staff is unpolished and untrained and unable to solve the issues mentioned above. Better places are...', 'user_contribution': u'52', 'user_name': u'Loveatfoodsight', 'heading': u'Horrible!!! Avoid at all costs', 'hotel_name': u'Hotel Pawan Plaza'}
2018-08-16 14:33:18 [scrapy] DEBUG: Scraped from <200 https://www.tripadvisor.in/Hotel_Review-g304551-d1886790-Reviews-Hotel_Pawan_Plaza-New_Delhi_National_Capital_Territory_of_Delhi.html>
{'review': u"Stayed here in a deluxe room as a part of my mother's treatment at Gangaram hospital. There were two people at the front desk, one was Mr. Marshal, who was really friendly and accomodating and the other one left a lot to be desired. All...", 'user_contribution': u'129', 'user_name': u'AmithSP', 'heading': u'Rooms are fine for the price you pay', 'hotel_name': u'Hotel Pawan Plaza'}
2018-08-16 14:33:18 [scrapy] DEBUG: Scraped from <200 https://www.tripadvisor.in/Hotel_Review-g304551-d1886790-Reviews-Hotel_Pawan_Plaza-New_Delhi_National_Capital_Territory_of_Delhi.html>
{'review': u'Had stayed from 25.06.18 to 29.06.2018  We were fully aware of compact rooms so so complaint for small rooms. But what i disliked was the service.  I had to wait for 20-40 minutes for Tea. Towels/Soap/Shampoo were provided only after request was made.\r\nFor cleanness...', 'user_contribution': u'2', 'user_name': u'Makhija D', 'heading': u'Good Hotel with Poor Service', 'hotel_name': u'Hotel Pawan Plaza'}
2018-08-16 14:33:18 [scrapy] DEBUG: Scraped from <200 https://www.tripadvisor.in/Hotel_Review-g304551-d1886790-Reviews-Hotel_Pawan_Plaza-New_Delhi_National_Capital_Territory_of_Delhi.html>
{'review': u'This hotel is one of the better budget options in and around Karol Bagh, or so we thought. I got the super deluxe room for 3 days. The rooms are mostly clean and tidy. some of you might find the beds a tad bit uncomfortable....', 'user_contribution': u'3', 'user_name': u'Tarun K', 'heading': u'Good rooms but stinking toilets', 'hotel_name': u'Hotel Pawan Plaza'}
2018-08-16 14:33:18 [scrapy] DEBUG: Crawled (200) <GET https://www.tripadvisor.in/Hotel_Review-g304551-d8867537-Reviews-Novotel_New_Delhi_Aerocity-New_Delhi_National_Capital_Territory_of_Delhi.html> (referer: https://www.tripadvisor.com/Hotels-g304551-New_Delhi_National_Capital_Territory_of_Delhi-Hotels.html)
2018-08-16 14:33:18 [scrapy] DEBUG: Crawled (200) <GET https://www.tripadvisor.in/Hotel_Review-g304551-d609761-Reviews-Suncourt_Hotel_Yatri-New_Delhi_National_Capital_Territory_of_Delhi.html> (referer: https://www.tripadvisor.com/Hotels-g304551-New_Delhi_National_Capital_Territory_of_Delhi-Hotels.html)
2018-08-16 14:33:18 [scrapy] DEBUG: Crawled (200) <GET https://www.tripadvisor.in/Hotel_Review-g304551-d11561000-Reviews-Roseate_House_New_Delhi-New_Delhi_National_Capital_Territory_of_Delhi.html> (referer: https://www.tripadvisor.com/Hotels-g304551-New_Delhi_National_Capital_Territory_of_Delhi-Hotels.html)
2018-08-16 14:33:18 [scrapy] DEBUG: Scraped from <200 https://www.tripadvisor.in/Hotel_Review-g304551-d8867537-Reviews-Novotel_New_Delhi_Aerocity-New_Delhi_National_Capital_Territory_of_Delhi.html>
{'review': u'We had a wonderful stay at Novotel \nMet Chef Abhishek and Ayush who made us very much comfortable with an amazing dinner at Food Exchange.\n\nFront desk people were best at their job,loved the room,swimming pool and locality of the hotel', 'user_contribution': u'2', 'user_name': u'Sunny K', 'heading': u'Independence stay ', 'hotel_name': u'Novotel New Delhi Aerocity'}
2018-08-16 14:33:18 [scrapy] DEBUG: Crawled (200) <GET https://www.tripadvisor.in/Hotel_Review-g304551-d2590189-Reviews-Ibis_New_Delhi_Aerocity-New_Delhi_National_Capital_Territory_of_Delhi.html> (referer: https://www.tripadvisor.com/Hotels-g304551-New_Delhi_National_Capital_Territory_of_Delhi-Hotels.html)
2018-08-16 14:33:18 [scrapy] DEBUG: Scraped from <200 https://www.tripadvisor.in/Hotel_Review-g304551-d8867537-Reviews-Novotel_New_Delhi_Aerocity-New_Delhi_National_Capital_Territory_of_Delhi.html>
{'review': u'I\u2019ve been coming to this hotel since it\u2019s opening and usually a fan of its services. I haven\u2019t however gone out of my way to recommend the bar as I always thought of it as a hotel lobby bar which was nothing special. \nI happened...', 'user_contribution': u'20', 'user_name': u'RandomRaghu', 'heading': u'Excellent Service!', 'hotel_name': u'Novotel New Delhi Aerocity'}
2018-08-16 14:33:18 [scrapy] DEBUG: Scraped from <200 https://www.tripadvisor.in/Hotel_Review-g304551-d8867537-Reviews-Novotel_New_Delhi_Aerocity-New_Delhi_National_Capital_Territory_of_Delhi.html>
{'review': u'Yummy food with top class service.. MR. Abinash took good care of us.. Chef Mahadev briefed about different cuisine n he made delicious penne pasta that so yum.. even Meet with chef Anwar who was very much helpful during my stay at restaurant.. soon will...', 'user_contribution': u'1', 'user_name': u'Ashish P', 'heading': u'The best live kitchen presentation ', 'hotel_name': u'Novotel New Delhi Aerocity'}
2018-08-16 14:33:18 [scrapy] DEBUG: Scraped from <200 https://www.tripadvisor.in/Hotel_Review-g304551-d8867537-Reviews-Novotel_New_Delhi_Aerocity-New_Delhi_National_Capital_Territory_of_Delhi.html>
{'review': u'Excellent service by chefs Abhishek,Anwar,Kailash. Nice food preparation, very professional...keep up good work  . You can try Indian North Indian dishes..they are willing  to help to choose menu....enjoy the stay...', 'user_contribution': u'1', 'user_name': u'Gajendra W', 'heading': u'In room dining', 'hotel_name': u'Novotel New Delhi Aerocity'}
2018-08-16 14:33:18 [scrapy] DEBUG: Scraped from <200 https://www.tripadvisor.in/Hotel_Review-g304551-d8867537-Reviews-Novotel_New_Delhi_Aerocity-New_Delhi_National_Capital_Territory_of_Delhi.html>
{'review': u'Fabulous service is provided by event staff.specialy thanks to Sumit for nice coordination during event.the guy jyotirmay was there to take care of us for whole day.so kind of u.will choose this hotel only in every conf.', 'user_contribution': u'1', 'user_name': u'raju g', 'heading': u'Cipla event', 'hotel_name': u'Novotel New Delhi Aerocity'}
2018-08-16 14:33:18 [scrapy] DEBUG: Scraped from <200 https://www.tripadvisor.in/Hotel_Review-g304551-d609761-Reviews-Suncourt_Hotel_Yatri-New_Delhi_National_Capital_Territory_of_Delhi.html>
{'review': u'This hotel is near to karol bag metro station. \nThis three star property is good to stay with family & individual. \nThe staff is very cooperative & food is good.\nBreakfast is enough to eat & good quality. \n\nRooms are spacious .\n\nI recommend this...', 'user_contribution': u'131', 'user_name': u'Harshch1', 'heading': u'Nice stay', 'hotel_name': u'Suncourt Hotel Yatri'}
2018-08-16 14:33:18 [scrapy] DEBUG: Crawled (200) <GET https://www.tripadvisor.in/Hotel_Review-g304551-d3583700-Reviews-Lemon_Tree_Premier_Delhi_Airport-New_Delhi_National_Capital_Territory_of_Delhi.html> (referer: https://www.tripadvisor.com/Hotels-g304551-New_Delhi_National_Capital_Territory_of_Delhi-Hotels.html)
2018-08-16 14:33:18 [scrapy] DEBUG: Crawled (200) <GET https://www.tripadvisor.in/Hotel_Review-g304551-d940065-Reviews-Hotel_Emperor_Palms-New_Delhi_National_Capital_Territory_of_Delhi.html> (referer: https://www.tripadvisor.com/Hotels-g304551-New_Delhi_National_Capital_Territory_of_Delhi-Hotels.html)
2018-08-16 14:33:18 [scrapy] DEBUG: Scraped from <200 https://www.tripadvisor.in/Hotel_Review-g304551-d609761-Reviews-Suncourt_Hotel_Yatri-New_Delhi_National_Capital_Territory_of_Delhi.html>
{'review': u'Kindness ,assistance and good advise is central to great stay in suncourt hotel yatri treated so well ,given great advise ,and best room .Breakfast staff were very friendly ,honest and helpful .Organised pickup in a phone call.Its perfect location ,near to metro and market.It was...', 'user_contribution': u'1', 'user_name': u'Jinesh P', 'heading': u'Big comfy bed , spacious rooms,lovely staff', 'hotel_name': u'Suncourt Hotel Yatri'}
2018-08-16 14:33:18 [scrapy] DEBUG: Scraped from <200 https://www.tripadvisor.in/Hotel_Review-g304551-d609761-Reviews-Suncourt_Hotel_Yatri-New_Delhi_National_Capital_Territory_of_Delhi.html>
{'review': u'Perfect place for a business trip or pleasure. Service is amazing helpful. Room is quite and comfortable. Breakfast is really good with quite different choices. Very good value.\r\nWill definitely come back again.', 'user_contribution': u'25', 'user_name': u'mai515', 'heading': u'Very helpful service!!!', 'hotel_name': u'Suncourt Hotel Yatri'}
2018-08-16 14:33:18 [scrapy] DEBUG: Scraped from <200 https://www.tripadvisor.in/Hotel_Review-g304551-d609761-Reviews-Suncourt_Hotel_Yatri-New_Delhi_National_Capital_Territory_of_Delhi.html>
{'review': u'The suncourt hotel yatri nice rooms clean ,relatively spacious on a quite street.The bed very comfotable,the staff incredibly nice,and very good value for money.The stay was good and hotel provides help for tourist and has good options ypu can choose from visit sites.Also the money...', 'user_contribution': u'1', 'user_name': u'Rajeev S', 'heading': u'Superb', 'hotel_name': u'Suncourt Hotel Yatri'}
2018-08-16 14:33:18 [scrapy] DEBUG: Scraped from <200 https://www.tripadvisor.in/Hotel_Review-g304551-d609761-Reviews-Suncourt_Hotel_Yatri-New_Delhi_National_Capital_Territory_of_Delhi.html>
{'review': u'I arrived late at night from the airport.This was the last minute booking ,yet the staff was very helpful and kind and did their best to make me comfortable .Their buffet breakfast the following morning was simply great specially their idly and aluparatha .The service...', 'user_contribution': u'1', 'user_name': u'Virat S', 'heading': u'Great hospitality wonderful breakfast', 'hotel_name': u'Suncourt Hotel Yatri'}
2018-08-16 14:33:18 [scrapy] DEBUG: Scraped from <200 https://www.tripadvisor.in/Hotel_Review-g304551-d11561000-Reviews-Roseate_House_New_Delhi-New_Delhi_National_Capital_Territory_of_Delhi.html>
{'review': u'I have taken the yearly membership and thought of using the complimentary night here, although I have stayed here before and given great reviews I would like to add another review here. I used the Club Lounge with my parents and it was amazing, Mr...', 'user_contribution': u'7', 'user_name': u'Alex B', 'heading': u'Best Places in India to stay and chill', 'hotel_name': u'Roseate House New Delhi'}
2018-08-16 14:33:18 [scrapy] DEBUG: Scraped from <200 https://www.tripadvisor.in/Hotel_Review-g304551-d11561000-Reviews-Roseate_House_New_Delhi-New_Delhi_National_Capital_Territory_of_Delhi.html>
{'review': u'Roseate house was incredible. We got a free upgrade to a suite and our room was massive. Our bathroom alone was the size of most hotel rooms with a steam shower, enormous bathtub, and double vanity. We had a living room with fresh fruit replenished...', 'user_contribution': u'7', 'user_name': u'Janelle M', 'heading': u"Most luxurious hotel I've ever stayed at!!", 'hotel_name': u'Roseate House New Delhi'}
2018-08-16 14:33:18 [scrapy] DEBUG: Scraped from <200 https://www.tripadvisor.in/Hotel_Review-g304551-d11561000-Reviews-Roseate_House_New_Delhi-New_Delhi_National_Capital_Territory_of_Delhi.html>
{'review': u"Everything was perfect. It was close to the airport. Room was best, the staff was very helpful and polite especially Gourav from the front office and the breakfast was awesome. I'll definitely come again!", 'user_contribution': u'1', 'user_name': u'Parth Y', 'heading': u'Review on The Roseate House', 'hotel_name': u'Roseate House New Delhi'}
2018-08-16 14:33:18 [scrapy] DEBUG: Scraped from <200 https://www.tripadvisor.in/Hotel_Review-g304551-d11561000-Reviews-Roseate_House_New_Delhi-New_Delhi_National_Capital_Territory_of_Delhi.html>
{'review': u'A great place to rest after long hours of journey . Buffet breakfast was awesome with variety all over . Mr devinder helped us in all ways he could. Friendly n courteous staff .nice swimming pool at roof top .', 'user_contribution': u'1', 'user_name': u'harshal b', 'heading': u'Perfect place to relax', 'hotel_name': u'Roseate House New Delhi'}
2018-08-16 14:33:18 [scrapy] DEBUG: Scraped from <200 https://www.tripadvisor.in/Hotel_Review-g304551-d11561000-Reviews-Roseate_House_New_Delhi-New_Delhi_National_Capital_Territory_of_Delhi.html>
{'review': u'I stayed one night at the Roseate New Delhi, before leaving India, and it was a perfect way to end my trip. I highly recommend getting a massage at the spa, the food at Kheer restaurant and having a tea+pastry at the Cafe. All staff...', 'user_contribution': u'3', 'user_name': u'Eladoo123', 'heading': u'wonderful rooms, perfect service and amazing spa', 'hotel_name': u'Roseate House New Delhi'}
2018-08-16 14:33:18 [scrapy] DEBUG: Scraped from <200 https://www.tripadvisor.in/Hotel_Review-g304551-d2590189-Reviews-Ibis_New_Delhi_Aerocity-New_Delhi_National_Capital_Territory_of_Delhi.html>
{'review': u'Arjita was helping us in the ibis hotel in Delhi she is very nice. Very good service even in the reception they help us a lot. We leave our suitcase for tree days with out charge.\nI Recomend a lot this hotel', 'user_contribution': u'5', 'user_name': u'Isabel A', 'heading': u'Greate', 'hotel_name': u'ibis New Delhi Aerocity'}
2018-08-16 14:33:18 [scrapy] DEBUG: Scraped from <200 https://www.tripadvisor.in/Hotel_Review-g304551-d2590189-Reviews-Ibis_New_Delhi_Aerocity-New_Delhi_National_Capital_Territory_of_Delhi.html>
{'review': u'I was travelling back from Goa, to Delhi. The flight got delayed. I had to wait four hours on the airport. I was really tired and hungry. \nI checked in Ibis Aerocity late at night. On arrival it seemed like any normal hotel. But, to...', 'user_contribution': u'13', 'user_name': u'Jayant_juneja', 'heading': u'Best in Delhi, All thanks to Abhay Sharma. ', 'hotel_name': u'ibis New Delhi Aerocity'}
2018-08-16 14:33:18 [scrapy] DEBUG: Scraped from <200 https://www.tripadvisor.in/Hotel_Review-g304551-d2590189-Reviews-Ibis_New_Delhi_Aerocity-New_Delhi_National_Capital_Territory_of_Delhi.html>
{'review': u'We had an excellent stay at this hotel, it was very comfortable and super clean. The staff were amazing and very helpful, especially Arjita and Dharam in the restaurant who looked after us extremely well. The buffet breakfast lunch and dinner is very good with...', 'user_contribution': u'1', 'user_name': u'Gary R', 'heading': u'Great hotel', 'hotel_name': u'ibis New Delhi Aerocity'}
2018-08-16 14:33:18 [scrapy] DEBUG: Scraped from <200 https://www.tripadvisor.in/Hotel_Review-g304551-d2590189-Reviews-Ibis_New_Delhi_Aerocity-New_Delhi_National_Capital_Territory_of_Delhi.html>
{'review': u'We stayed at Ibis Aerocity for one night after 3 weeks of an intensive low budget holiday in and around Rajasthan. A perfect hotel to escape from the chaos in and around New Delhi. The staff is very friendly and well trained. Our extra compliments...', 'user_contribution': u'3', 'user_name': u'Burgie123', 'heading': u'Friendly staff', 'hotel_name': u'ibis New Delhi Aerocity'}
2018-08-16 14:33:18 [scrapy] DEBUG: Scraped from <200 https://www.tripadvisor.in/Hotel_Review-g304551-d2590189-Reviews-Ibis_New_Delhi_Aerocity-New_Delhi_National_Capital_Territory_of_Delhi.html>
{'review': u'Had a wonderful stay at the hotel. I felt it\u2019s really value for money. Food was really good. I was there for my official meeting. Only thing is that the hotel is far from City, but location is awesome.', 'user_contribution': u'4', 'user_name': u'manoj g', 'heading': u'Value for Money', 'hotel_name': u'ibis New Delhi Aerocity'}
2018-08-16 14:33:18 [scrapy] DEBUG: Scraped from <200 https://www.tripadvisor.in/Hotel_Review-g304551-d3583700-Reviews-Lemon_Tree_Premier_Delhi_Airport-New_Delhi_National_Capital_Territory_of_Delhi.html>
{'review': u'The only two good things about this hotel are \n1) close proximity with Airport & \n2) The swimming pool. \nRest I found this hotel highly priced. Rooms are ordinary; washrooms pathetic. Breakfast too didn\u2019t have many options. Overall not many pleasant memories of this place.', 'user_contribution': u'4', 'user_name': u'Waseemulamin', 'heading': u'Highly priced property ', 'hotel_name': u'Lemon Tree Premier, Delhi Airport'}
2018-08-16 14:33:18 [scrapy] DEBUG: Scraped from <200 https://www.tripadvisor.in/Hotel_Review-g304551-d3583700-Reviews-Lemon_Tree_Premier_Delhi_Airport-New_Delhi_National_Capital_Territory_of_Delhi.html>
{'review': u'Good place in Delhi atrocity. Nice lemon tree Premise hotel. Room was okay. Regarding good services in all staff and also room services are also perfect and good turning on Sandeep, ombeer, Ravi shaker and also satendra and they were so great they made a...', 'user_contribution': u'2', 'user_name': u'Ombeer S', 'heading': u'Awesome services', 'hotel_name': u'Lemon Tree Premier, Delhi Airport'}
2018-08-16 14:33:18 [scrapy] DEBUG: Scraped from <200 https://www.tripadvisor.in/Hotel_Review-g304551-d3583700-Reviews-Lemon_Tree_Premier_Delhi_Airport-New_Delhi_National_Capital_Territory_of_Delhi.html>
{'review': u'I enjoy staying in lemon tree hotel and its worth mentioning that all the services are really great according housekeeping services people ( Sandeep, ombeer, Ravi, Satender, prateek) are really honest, good behaviour and responsible.', 'user_contribution': u'1', 'user_name': u'Angel S', 'heading': u'A perfect trip', 'hotel_name': u'Lemon Tree Premier, Delhi Airport'}
2018-08-16 14:33:18 [scrapy] DEBUG: Scraped from <200 https://www.tripadvisor.in/Hotel_Review-g304551-d3583700-Reviews-Lemon_Tree_Premier_Delhi_Airport-New_Delhi_National_Capital_Territory_of_Delhi.html>
{'review': u'I am a frequent traveler. This weekend i stayed in Lemon tree aerocity with my family and friends.  It was very beautiful experience, food quality is excellent, rooms are very well curated, staff is so freindly, and the ambience ... you will fall in love...', 'user_contribution': u'4', 'user_name': u'Sonal G', 'heading': u'AMAZING, BEAUTIFUL, MIND BLOWING', 'hotel_name': u'Lemon Tree Premier, Delhi Airport'}
2018-08-16 14:33:18 [scrapy] DEBUG: Scraped from <200 https://www.tripadvisor.in/Hotel_Review-g304551-d3583700-Reviews-Lemon_Tree_Premier_Delhi_Airport-New_Delhi_National_Capital_Territory_of_Delhi.html>
{'review': u'Good place in Delhi I like in Delhi because my home in Delhi I was come in Delhi  from Chennai because there are on work \nNice hotel lemon tree good staff and nicely service everyone and good communication everyone nice person Ravishankar .', 'user_contribution': u'1', 'user_name': u'Piyus K', 'heading': u'Excellent ', 'hotel_name': u'Lemon Tree Premier, Delhi Airport'}
2018-08-16 14:33:18 [scrapy] DEBUG: Scraped from <200 https://www.tripadvisor.in/Hotel_Review-g304551-d940065-Reviews-Hotel_Emperor_Palms-New_Delhi_National_Capital_Territory_of_Delhi.html>
{'review': u'Stayed as part of a tour as first night in India.  This was a second choice, the first offered having poor reviews. The hotel was difficult to find, down a back alley, but fairly central. Rooms, not unusually, had no windows and no hot water....', 'user_contribution': u'35', 'user_name': u'Ian_ncl', 'heading': u'Give it a miss', 'hotel_name': u'Hotel Emperor Palms'}
2018-08-16 14:33:18 [scrapy] DEBUG: Scraped from <200 https://www.tripadvisor.in/Hotel_Review-g304551-d940065-Reviews-Hotel_Emperor_Palms-New_Delhi_National_Capital_Territory_of_Delhi.html>
{'review': u'I loved my stay in emperor and food was delicious and i enjoyed my stay\r\n Really very nice service and rooms  \r\nArea is very clean \r\nFood is tasty and services are good \r\nStaff is very helpful and cooperative and helful', 'user_contribution': u'1', 'user_name': u'Rohit T', 'heading': u'Loved the stay', 'hotel_name': u'Hotel Emperor Palms'}
2018-08-16 14:33:18 [scrapy] DEBUG: Scraped from <200 https://www.tripadvisor.in/Hotel_Review-g304551-d940065-Reviews-Hotel_Emperor_Palms-New_Delhi_National_Capital_Territory_of_Delhi.html>
{'review': u'The staff is nice and you can ask them for everything. It s a good option to be comfortable and well comunicated!! It s near Karol Bagh metro station and Karol Bagh market (where you can do your shoppings)', 'user_contribution': u'1', 'user_name': u'SONIA V', 'heading': u'Good staff and well comunicated ', 'hotel_name': u'Hotel Emperor Palms'}
2018-08-16 14:33:18 [scrapy] DEBUG: Scraped from <200 https://www.tripadvisor.in/Hotel_Review-g304551-d940065-Reviews-Hotel_Emperor_Palms-New_Delhi_National_Capital_Territory_of_Delhi.html>
{'review': u'I stayed here from my friend reference and it was nice stay here. Food was very nice and tasty. I stayed here 3 nights. Enjoyed my stay.  Rooms are very neat and clean. Location very nice. Metro and market area is very nice.', 'user_contribution': u'1', 'user_name': u'Vijay G', 'heading': u'Family stay', 'hotel_name': u'Hotel Emperor Palms'}
2018-08-16 14:33:18 [scrapy] DEBUG: Scraped from <200 https://www.tripadvisor.in/Hotel_Review-g304551-d940065-Reviews-Hotel_Emperor_Palms-New_Delhi_National_Capital_Territory_of_Delhi.html>
{'review': u'Good food, staff are cooperative, ambience is good and great location for shopping and travel to any where. Hotel location is very good and very near to metro station. I enjoyed my stay with family and Delhi was grt.', 'user_contribution': u'1', 'user_name': u'MRB E', 'heading': u'Fabulous', 'hotel_name': u'Hotel Emperor Palms'}
2018-08-16 14:33:19 [scrapy] DEBUG: Crawled (200) <GET https://www.tripadvisor.in/Hotel_Review-g304551-d620499-Reviews-Hotel_SunStar_Grand-New_Delhi_National_Capital_Territory_of_Delhi.html> (referer: https://www.tripadvisor.com/Hotels-g304551-New_Delhi_National_Capital_Territory_of_Delhi-Hotels.html)
2018-08-16 14:33:19 [scrapy] DEBUG: Crawled (200) <GET https://www.tripadvisor.in/Hotel_Review-g304551-d734887-Reviews-Hotel_Sunstar_Heritage-New_Delhi_National_Capital_Territory_of_Delhi.html> (referer: https://www.tripadvisor.com/Hotels-g304551-New_Delhi_National_Capital_Territory_of_Delhi-Hotels.html)
2018-08-16 14:33:19 [scrapy] DEBUG: Crawled (200) <GET https://www.tripadvisor.in/Hotel_Review-g304551-d1606175-Reviews-Wood_Castle-New_Delhi_National_Capital_Territory_of_Delhi.html> (referer: https://www.tripadvisor.com/Hotels-g304551-New_Delhi_National_Capital_Territory_of_Delhi-Hotels.html)
2018-08-16 14:33:19 [scrapy] DEBUG: Scraped from <200 https://www.tripadvisor.in/Hotel_Review-g304551-d620499-Reviews-Hotel_SunStar_Grand-New_Delhi_National_Capital_Territory_of_Delhi.html>
{'review': u'The staff here are the real standout, they really couldn\u2019t have done more for us. After having had a terrible first day of being scammed they completely turned around our impression of India. They offered us complimentary breakfast (we had specifically paid less to not...', 'user_contribution': u'3', 'user_name': u'Mikki R', 'heading': u'Amazing staff, great stay', 'hotel_name': u'Hotel SunStar Grand'}
2018-08-16 14:33:19 [scrapy] DEBUG: Scraped from <200 https://www.tripadvisor.in/Hotel_Review-g304551-d620499-Reviews-Hotel_SunStar_Grand-New_Delhi_National_Capital_Territory_of_Delhi.html>
{'review': u'I came to delhi for pack plus exhibitions and during to exhibition i stayed in sunstar grand for couples of day in room no 203 which was nice and clean . Complimentary breakfast was super  .  I specifically thanks for give me complimentary two hours...', 'user_contribution': u'1', 'user_name': u'Sudhakar S', 'heading': u'Excellent hotel with hospitality', 'hotel_name': u'Hotel SunStar Grand'}
2018-08-16 14:33:19 [scrapy] DEBUG: Scraped from <200 https://www.tripadvisor.in/Hotel_Review-g304551-d620499-Reviews-Hotel_SunStar_Grand-New_Delhi_National_Capital_Territory_of_Delhi.html>
{'review': u"I wasn't sure to stay here after mixed reviews but a good place for a night stay... Maybe not long but a night or 2 are OK. Clean and hygienic, rooms are Good enough. Easy access from metro station and also market is nearby... recommended!!!", 'user_contribution': u'9', 'user_name': u'Abhi2957', 'heading': u'Good place for a night stay...', 'hotel_name': u'Hotel SunStar Grand'}
2018-08-16 14:33:19 [scrapy] DEBUG: Scraped from <200 https://www.tripadvisor.in/Hotel_Review-g304551-d620499-Reviews-Hotel_SunStar_Grand-New_Delhi_National_Capital_Territory_of_Delhi.html>
{'review': u'This is my first time  to stay  this hotel in Sunday grand. I stay only one  day and it was very  comfortable  stay room was super break fast was very  delicious  .i was very  impressed  by day manager  who help me lot I checked  out...', 'user_contribution': u'1', 'user_name': u'Abraham T', 'heading': u'Excellent  service ', 'hotel_name': u'Hotel SunStar Grand'}
2018-08-16 14:33:19 [scrapy] DEBUG: Scraped from <200 https://www.tripadvisor.in/Hotel_Review-g304551-d620499-Reviews-Hotel_SunStar_Grand-New_Delhi_National_Capital_Territory_of_Delhi.html>
{'review': u'booked for two days, but stayed for 3 more days.. nice room, food and swimming pool with reasonable price!  location is at channa market, karol bagh. easy to get auto or taxi cab or even metro which is cheap.', 'user_contribution': u'1', 'user_name': u'Robon D', 'heading': u'Nice Hotel at Delhi', 'hotel_name': u'Hotel SunStar Grand'}
2018-08-16 14:33:19 [scrapy] DEBUG: Scraped from <200 https://www.tripadvisor.in/Hotel_Review-g304551-d734887-Reviews-Hotel_Sunstar_Heritage-New_Delhi_National_Capital_Territory_of_Delhi.html>
{'review': u'Giving 1 star cause ZERO STARS are not an option here!!\nAn absolute disaster of a place! The whole bathroom was filled with dead ants!! Had the place booked for 2 nights, checked in late night on the 1st day! Was shooed to find dead...', 'user_contribution': u'70', 'user_name': u'Nirav G', 'heading': u'Dead Ants in the Bathroom!! ', 'hotel_name': u'Hotel Sunstar Heritage'}
2018-08-16 14:33:19 [scrapy] DEBUG: Scraped from <200 https://www.tripadvisor.in/Hotel_Review-g304551-d734887-Reviews-Hotel_Sunstar_Heritage-New_Delhi_National_Capital_Territory_of_Delhi.html>
{'review': u'Location is extremely good. Near to metro station and easy access to all tourist attraction. Quick check in. Reached before check in time but staff was very nice to provide the room. Room was spacious,neat and clean. WiFi provided free of charge. Roof top restaurant...', 'user_contribution': u'5', 'user_name': u'A TripAdvisor Member', 'heading': u'Good hotel good facilities', 'hotel_name': u'Hotel Sunstar Heritage'}
2018-08-16 14:33:19 [scrapy] DEBUG: Scraped from <200 https://www.tripadvisor.in/Hotel_Review-g304551-d734887-Reviews-Hotel_Sunstar_Heritage-New_Delhi_National_Capital_Territory_of_Delhi.html>
{'review': u'Best hotel I ever stayed. Break fast on the roof top restaurant gives you a good feeling, tasty food, best service and staff makes the difference. Rooms good in size & the best part cleanliness which gives you the feeling home away from home. Strongly...', 'user_contribution': u'1', 'user_name': u'Prince J', 'heading': u'Best hotel to stay in new delhi', 'hotel_name': u'Hotel Sunstar Heritage'}
2018-08-16 14:33:19 [scrapy] DEBUG: Scraped from <200 https://www.tripadvisor.in/Hotel_Review-g304551-d734887-Reviews-Hotel_Sunstar_Heritage-New_Delhi_National_Capital_Territory_of_Delhi.html>
{'review': u'We really enjoyed our three nights at this hotel. The staff were very friendly and helpful, our room was spacious and comfortable and the roof top restaurant was very pleasant to sit and have a meal.\r\nAlthough it is further out from the tourist attractions...', 'user_contribution': u'50', 'user_name': u'Karenza H', 'heading': u'Comfortable place to stay', 'hotel_name': u'Hotel Sunstar Heritage'}
2018-08-16 14:33:19 [scrapy] DEBUG: Scraped from <200 https://www.tripadvisor.in/Hotel_Review-g304551-d734887-Reviews-Hotel_Sunstar_Heritage-New_Delhi_National_Capital_Territory_of_Delhi.html>
{'review': u'My girlfriend and I liked this place a lot, partly owing to the very lively Karol Bagh area which is filled with amazing eating options, but also because of the very friendly and warm nature of the staff. They were always ready and quick to...', 'user_contribution': u'10', 'user_name': u'ninohunter', 'heading': u'Friendly staff make a difference', 'hotel_name': u'Hotel Sunstar Heritage'}
2018-08-16 14:33:19 [scrapy] DEBUG: Scraped from <200 https://www.tripadvisor.in/Hotel_Review-g304551-d1606175-Reviews-Wood_Castle-New_Delhi_National_Capital_Territory_of_Delhi.html>
{'review': u'My experience here was great. I stayed one night. I arrived much earlier then check in time and they welcomed me and fixed breakfast. The staff were kind and helpful, and the rooms were clean and tidy.', 'user_contribution': u'4', 'user_name': u'A TripAdvisor Member', 'heading': u'Wood castle- great place', 'hotel_name': u'Wood Castle'}
2018-08-16 14:33:19 [scrapy] DEBUG: Crawled (200) <GET https://www.tripadvisor.in/Hotel_Review-g304551-d4884442-Reviews-Holiday_Inn_New_Delhi_International_Airport-New_Delhi_National_Capital_Territory_of_De.html> (referer: https://www.tripadvisor.com/Hotels-g304551-New_Delhi_National_Capital_Territory_of_Delhi-Hotels.html)
2018-08-16 14:33:19 [scrapy] DEBUG: Scraped from <200 https://www.tripadvisor.in/Hotel_Review-g304551-d1606175-Reviews-Wood_Castle-New_Delhi_National_Capital_Territory_of_Delhi.html>
{'review': u'I got a chance to stay in this hotel during my Delhi trip in October 2017. The hotel is very convenient and the staff are very friendly. The food is simply delicious. The rooms are of a good size and well maintained.They referred a nice...', 'user_contribution': u'1', 'user_name': u'Shiny K', 'heading': u'Astounding experience', 'hotel_name': u'Wood Castle'}
2018-08-16 14:33:19 [scrapy] DEBUG: Scraped from <200 https://www.tripadvisor.in/Hotel_Review-g304551-d1606175-Reviews-Wood_Castle-New_Delhi_National_Capital_Territory_of_Delhi.html>
{'review': u'After a long journey arrived at our hotel wood castle. Tricky to Find. After that an helpfull employee enloaded the bagage. He sadly dropped a case and a souvenir was broke. Luchily the owner took care of that. He\u2019ll send a replacement. Apart grom that...', 'user_contribution': u'1', 'user_name': u'fransmolkenboer', 'heading': u'bumpy stay', 'hotel_name': u'Wood Castle'}
2018-08-16 14:33:19 [scrapy] DEBUG: Scraped from <200 https://www.tripadvisor.in/Hotel_Review-g304551-d1606175-Reviews-Wood_Castle-New_Delhi_National_Capital_Territory_of_Delhi.html>
{'review': u'My room was clean and cozy, with air conditioner and an amazing shower. The hotel is very convenient and the staff are very friendly. They referred a nice guide that took us to the main places around Delhi. The \u201cmama\u201d dinner was delicious and we...', 'user_contribution': u'8', 'user_name': u'Janaina B', 'heading': u'Good places and atmosphere ', 'hotel_name': u'Wood Castle'}
2018-08-16 14:33:19 [scrapy] DEBUG: Scraped from <200 https://www.tripadvisor.in/Hotel_Review-g304551-d1606175-Reviews-Wood_Castle-New_Delhi_National_Capital_Territory_of_Delhi.html>
{'review': u"We stayed here for almost 2 weeks after my mom's surgery at the nearby Gangaram Hospital.We booked directly with hotel after seeing the place as we needed a room in the ground floor itself.  We were given a super deluxe room right at the entrance,...", 'user_contribution': u'129', 'user_name': u'AmithSP', 'heading': u'Brilliant! What a find!', 'hotel_name': u'Wood Castle'}
2018-08-16 14:33:19 [scrapy] DEBUG: Crawled (200) <GET https://www.tripadvisor.in/Hotel_Review-g304551-d592998-Reviews-Grand_Godwin_Hotel-New_Delhi_National_Capital_Territory_of_Delhi.html> (referer: https://www.tripadvisor.com/Hotels-g304551-New_Delhi_National_Capital_Territory_of_Delhi-Hotels.html)
2018-08-16 14:33:19 [scrapy] DEBUG: Crawled (200) <GET https://www.tripadvisor.in/Hotel_Review-g304551-d3507485-Reviews-Red_Fox_Hotel_Delhi_Airport-New_Delhi_National_Capital_Territory_of_Delhi.html> (referer: https://www.tripadvisor.com/Hotels-g304551-New_Delhi_National_Capital_Territory_of_Delhi-Hotels.html)
2018-08-16 14:33:19 [scrapy] DEBUG: Crawled (200) <GET https://www.tripadvisor.in/Hotel_Review-g304551-d306957-Reviews-Radisson_Blu_Plaza_Delhi_Airport-New_Delhi_National_Capital_Territory_of_Delhi.html> (referer: https://www.tripadvisor.com/Hotels-g304551-New_Delhi_National_Capital_Territory_of_Delhi-Hotels.html)
2018-08-16 14:33:19 [scrapy] DEBUG: Scraped from <200 https://www.tripadvisor.in/Hotel_Review-g304551-d4884442-Reviews-Holiday_Inn_New_Delhi_International_Airport-New_Delhi_National_Capital_Territory_of_De.html>
{'review': u'We stayed for one night in this hotel due to its proximity to the airport.\r\n\r\nThe rooms are clean and well maintained, so are the washrooms. The floor of the room was very smelly due to moisture and so were the rooms - maybe it...', 'user_contribution': u'357', 'user_name': u'Shaheen S', 'heading': u'One night stay and airport proximity', 'hotel_name': u'Holiday Inn New Delhi International Airport'}
2018-08-16 14:33:19 [scrapy] DEBUG: Crawled (200) <GET https://www.tripadvisor.in/Hotel_Review-g304551-d633216-Reviews-The_Prime_Balaji_Deluxe_New_Delhi_Railway_Station_Hotel-New_Delhi_National_Capital_Terr.html> (referer: https://www.tripadvisor.com/Hotels-g304551-New_Delhi_National_Capital_Territory_of_Delhi-Hotels.html)
2018-08-16 14:33:19 [scrapy] DEBUG: Scraped from <200 https://www.tripadvisor.in/Hotel_Review-g304551-d4884442-Reviews-Holiday_Inn_New_Delhi_International_Airport-New_Delhi_National_Capital_Territory_of_De.html>
{'review': u'To round out our tiring and dusty trip to India, we spent a night at this hotel before flying out. It was a true haven of tranquility, top-class service, with all the creature coforts we could ever want.\r\n\r\nNot hard to get to at all....', 'user_contribution': u'406', 'user_name': u'Stephenbkk20156', 'heading': u'A convenient haven', 'hotel_name': u'Holiday Inn New Delhi International Airport'}
2018-08-16 14:33:19 [scrapy] DEBUG: Scraped from <200 https://www.tripadvisor.in/Hotel_Review-g304551-d4884442-Reviews-Holiday_Inn_New_Delhi_International_Airport-New_Delhi_National_Capital_Territory_of_De.html>
{'review': u'Nice hotel we stayed here for our business trip.. it was good and comfortable.\r\nOur check in very fast which was taken by tanuj he is very efficient \r\nPeople are really nice seemanth(might be this name)he is really nice and polite person\r\nWe enjoyed here.....', 'user_contribution': u'1', 'user_name': u'Akhil G', 'heading': u'Good and nice staff', 'hotel_name': u'Holiday Inn New Delhi International Airport'}
2018-08-16 14:33:19 [scrapy] DEBUG: Scraped from <200 https://www.tripadvisor.in/Hotel_Review-g304551-d4884442-Reviews-Holiday_Inn_New_Delhi_International_Airport-New_Delhi_National_Capital_Territory_of_De.html>
{'review': u'we stayed here in room 543 really enjoyes the stay ms richa is really helpful and always ready to serve and people at front desk are really nice we will come back soom to stay again \r\nbreakfast is really good...', 'user_contribution': u'1', 'user_name': u'zaffar i', 'heading': u'waho stay!!', 'hotel_name': u'Holiday Inn New Delhi International Airport'}
2018-08-16 14:33:19 [scrapy] DEBUG: Scraped from <200 https://www.tripadvisor.in/Hotel_Review-g304551-d4884442-Reviews-Holiday_Inn_New_Delhi_International_Airport-New_Delhi_National_Capital_Territory_of_De.html>
{'review': u'We were here for business conference good hotel with great loaction\r\nWe had our lunch here which was great..\r\nWe really enjoyed..\r\nPlace is really good to recommend this all my family and friends..\r\nKeep it going', 'user_contribution': u'1', 'user_name': u'Pramod G', 'heading': u'Good hotel', 'hotel_name': u'Holiday Inn New Delhi International Airport'}
2018-08-16 14:33:19 [scrapy] DEBUG: Scraped from <200 https://www.tripadvisor.in/Hotel_Review-g304551-d592998-Reviews-Grand_Godwin_Hotel-New_Delhi_National_Capital_Territory_of_Delhi.html>
{'review': u'The receptionists need more training on how to handle customers.\r\n\r\nNot even a bottled water is complimentary.\r\n\r\nThe only advantage is its location.\r\n\r\nNothing much to expect in Breakfast except some Pav Bhaji', 'user_contribution': u'1', 'user_name': u'Y2956TBtraveller', 'heading': u'Rude service and very few amenities', 'hotel_name': u'Grand Godwin Hotel'}
2018-08-16 14:33:19 [scrapy] DEBUG: Scraped from <200 https://www.tripadvisor.in/Hotel_Review-g304551-d592998-Reviews-Grand_Godwin_Hotel-New_Delhi_National_Capital_Territory_of_Delhi.html>
{'review': u'We spent 2 nights here. The breakfast buffet on the roof top is really great. We were doing business in Paharganj market which is just a short walk away. A great very clean and quiet place to retreat to at the end of a very...', 'user_contribution': u'17', 'user_name': u'aidanpomario', 'heading': u'Great quiet hotel to stay', 'hotel_name': u'Grand Godwin Hotel'}
2018-08-16 14:33:19 [scrapy] DEBUG: Scraped from <200 https://www.tripadvisor.in/Hotel_Review-g304551-d592998-Reviews-Grand_Godwin_Hotel-New_Delhi_National_Capital_Territory_of_Delhi.html>
{'review': u'After a long plane trip to India, we end up in this nice hotel with airport pickup, which was just on time waiting for us. Both, the hotel and the staff working there were really nice and they helped us with everything we needed. Rooms...', 'user_contribution': u'10', 'user_name': u'Anna S', 'heading': u'Great experience', 'hotel_name': u'Grand Godwin Hotel'}
2018-08-16 14:33:19 [scrapy] DEBUG: Scraped from <200 https://www.tripadvisor.in/Hotel_Review-g304551-d592998-Reviews-Grand_Godwin_Hotel-New_Delhi_National_Capital_Territory_of_Delhi.html>
{'review': u'We have stayed at this hotel in June and have loved it, the restaurant food is delicious, as well as the cafe food and the rooms are perfect! The reception staff, particularly Naveeh, have been so helpful and welcoming making our stay in Delhi much...', 'user_contribution': u'1', 'user_name': u'emilymurrell', 'heading': u'Fabulous Hotel, Great Service and Lovely Staff', 'hotel_name': u'Grand Godwin Hotel'}
2018-08-16 14:33:19 [scrapy] DEBUG: Scraped from <200 https://www.tripadvisor.in/Hotel_Review-g304551-d592998-Reviews-Grand_Godwin_Hotel-New_Delhi_National_Capital_Territory_of_Delhi.html>
{'review': u'I am regularly travelling to delhi for business work, this time tried Grand Godwin Hotel and really impressed by the service provided. Really good for family also. From now onwards whenever I visit delhi I will use this hotel. And last but not least Mr....', 'user_contribution': u'1', 'user_name': u'sharma p', 'heading': u'Awesome hotel and support', 'hotel_name': u'Grand Godwin Hotel'}
2018-08-16 14:33:19 [scrapy] DEBUG: Scraped from <200 https://www.tripadvisor.in/Hotel_Review-g304551-d3507485-Reviews-Red_Fox_Hotel_Delhi_Airport-New_Delhi_National_Capital_Territory_of_Delhi.html>
{'review': u'It was a very nice and pleasant stay at the Hotel, with the staff being really courteous and helpful. But the rooms seemed a bit small. Sahil from the front office was always there to help solve queries and problems, though we didn\u2019t face much....', 'user_contribution': u'1', 'user_name': u'Rohit S', 'heading': u'Transit stay with excellent experience', 'hotel_name': u'Red Fox Hotel, Delhi Airport'}
2018-08-16 14:33:19 [scrapy] DEBUG: Scraped from <200 https://www.tripadvisor.in/Hotel_Review-g304551-d3507485-Reviews-Red_Fox_Hotel_Delhi_Airport-New_Delhi_National_Capital_Territory_of_Delhi.html>
{'review': u'Really had a great stay at the hotel. Staff were very polite and cooperative. Miss Kajal Gupta took good care of us and she was really very cordial. She ensured we had a good stay with clean and nice ambience.', 'user_contribution': u'1', 'user_name': u'Papri H', 'heading': u'Casual trip', 'hotel_name': u'Red Fox Hotel, Delhi Airport'}
2018-08-16 14:33:19 [scrapy] DEBUG: Scraped from <200 https://www.tripadvisor.in/Hotel_Review-g304551-d3507485-Reviews-Red_Fox_Hotel_Delhi_Airport-New_Delhi_National_Capital_Territory_of_Delhi.html>
{'review': u'Great hospitality is the best part of this hotel i must say that the appearance and the environment of this hotel very peaceful luved the nature nd behaviour of the staff nd the front desk there was a girl named kajal was helpful towards everyone...', 'user_contribution': u'1', 'user_name': u'Shubham S', 'heading': u'S.shukla', 'hotel_name': u'Red Fox Hotel, Delhi Airport'}
2018-08-16 14:33:19 [scrapy] DEBUG: Scraped from <200 https://www.tripadvisor.in/Hotel_Review-g304551-d3507485-Reviews-Red_Fox_Hotel_Delhi_Airport-New_Delhi_National_Capital_Territory_of_Delhi.html>
{'review': u'Am a flight attendant I keep on travelling to many cities however staff Rahul from f&b is an amazing person,professional,hardworking,kind and courteous.whenever  I visit red fox hotel Delhi aero city he gives us 5* services glad to meet person like Rahul.', 'user_contribution': u'2', 'user_name': u'dilawer s', 'heading': u'Feedback', 'hotel_name': u'Red Fox Hotel, Delhi Airport'}
2018-08-16 14:33:19 [scrapy] DEBUG: Scraped from <200 https://www.tripadvisor.in/Hotel_Review-g304551-d3507485-Reviews-Red_Fox_Hotel_Delhi_Airport-New_Delhi_National_Capital_Territory_of_Delhi.html>
{'review': u'During my two days stay I have observed and enjoyed several awesome service as follows;\r\nWarmed welcoming by the front desk; from all the staff received a very welcomed smiles. Very excellent room service and food.Thank you so much Siddharth,Sahiland Deepak', 'user_contribution': u'1', 'user_name': u'Mohamed A', 'heading': u'Front desk staff Excellent', 'hotel_name': u'Red Fox Hotel, Delhi Airport'}
2018-08-16 14:33:19 [scrapy] DEBUG: Scraped from <200 https://www.tripadvisor.in/Hotel_Review-g304551-d306957-Reviews-Radisson_Blu_Plaza_Delhi_Airport-New_Delhi_National_Capital_Territory_of_Delhi.html>
{'review': u'I was staying here two nights in one week, both times I had an amazing time thanks to great hospitality and friendliness. \n\nEspecially Ms. Surbhi Goyal, who is beautiful inside & out. She took care of me for Independence Day celebration at the premise, as...', 'user_contribution': u'1', 'user_name': u'Tomo H', 'heading': u'Amazing stay with amazing staff!', 'hotel_name': u'Radisson Blu Plaza Delhi Airport'}
2018-08-16 14:33:19 [scrapy] DEBUG: Scraped from <200 https://www.tripadvisor.in/Hotel_Review-g304551-d306957-Reviews-Radisson_Blu_Plaza_Delhi_Airport-New_Delhi_National_Capital_Territory_of_Delhi.html>
{'review': u'I am writing my second review since starting coming here in 2013. This is my 25th visit and I consider the Radisson Blu my second home.  And just as home is made up of family so the staff at the Radisson Blu are like family....', 'user_contribution': u'25', 'user_name': u'Triplegem', 'heading': u'I keep coming back because of this hotel\u2019s excellence', 'hotel_name': u'Radisson Blu Plaza Delhi Airport'}
2018-08-16 14:33:19 [scrapy] DEBUG: Scraped from <200 https://www.tripadvisor.in/Hotel_Review-g304551-d306957-Reviews-Radisson_Blu_Plaza_Delhi_Airport-New_Delhi_National_Capital_Territory_of_Delhi.html>
{'review': u'This hotel is extremely hospitable and very well positioned close to Delhi airport,I\u2019d recommend upgrading to business room which allows for inclusive drinks at happy hour.\r\n\r\nAll staff are very helpful a special mention to anjana in reception.\r\n\r\nSee you soon.', 'user_contribution': u'1', 'user_name': u'robparryhq', 'heading': u'Business Trip', 'hotel_name': u'Radisson Blu Plaza Delhi Airport'}
2018-08-16 14:33:19 [scrapy] DEBUG: Scraped from <200 https://www.tripadvisor.in/Hotel_Review-g304551-d306957-Reviews-Radisson_Blu_Plaza_Delhi_Airport-New_Delhi_National_Capital_Territory_of_Delhi.html>
{'review': u'If you like Thai food then must visit Neung Roi which is in Radisson blu hotel. When I visited it was full packed and I have to wait for 20 minutes but for a authentic Thai food 20 minutes is nothing. Pomalo salad was great...', 'user_contribution': u'1', 'user_name': u'Deepti S', 'heading': u'Superb', 'hotel_name': u'Radisson Blu Plaza Delhi Airport'}
2018-08-16 14:33:19 [scrapy] DEBUG: Scraped from <200 https://www.tripadvisor.in/Hotel_Review-g304551-d306957-Reviews-Radisson_Blu_Plaza_Delhi_Airport-New_Delhi_National_Capital_Territory_of_Delhi.html>
{'review': u'This was my second stay in this hotel and I both the times I was handled by a same gentleman Mr. Utsav.\r\nThis guy is really awesome and fast in his operations.He is very calm and composed and keeps me offering any assistance if required.I...', 'user_contribution': u'1', 'user_name': u'Sai K', 'heading': u'Amazing stay and lovely people', 'hotel_name': u'Radisson Blu Plaza Delhi Airport'}
2018-08-16 14:33:19 [scrapy] DEBUG: Scraped from <200 https://www.tripadvisor.in/Hotel_Review-g304551-d633216-Reviews-The_Prime_Balaji_Deluxe_New_Delhi_Railway_Station_Hotel-New_Delhi_National_Capital_Terr.html>
{'review': u'We requested pick up from the hotel, the car is a small car. We are allowed to check in early at the arrival around 10am. As for the breakfast, they charge 200Rs per person for the buffet breakfast as its not included in our booking,...', 'user_contribution': u'33', 'user_name': u'PyayTK', 'heading': u'Acceptable room conditions ', 'hotel_name': u'The Prime Balaji Deluxe @ New Delhi Railway Station Hotel'}
2018-08-16 14:33:19 [scrapy] DEBUG: Scraped from <200 https://www.tripadvisor.in/Hotel_Review-g304551-d633216-Reviews-The_Prime_Balaji_Deluxe_New_Delhi_Railway_Station_Hotel-New_Delhi_National_Capital_Terr.html>
{'review': u'Clean rooms, helpful staff, good wifi and the shower worked really well. 5 minutes walking from new delhi railway station. The pickup service from the airport was perfect. I would recommend this hotel!', 'user_contribution': u'12', 'user_name': u'Marc R', 'heading': u'Great experience!', 'hotel_name': u'The Prime Balaji Deluxe @ New Delhi Railway Station Hotel'}
2018-08-16 14:33:19 [scrapy] DEBUG: Scraped from <200 https://www.tripadvisor.in/Hotel_Review-g304551-d633216-Reviews-The_Prime_Balaji_Deluxe_New_Delhi_Railway_Station_Hotel-New_Delhi_National_Capital_Terr.html>
{'review': u'We came to India on our honeymoon. Having travelled across the world, we are well experienced in differing qualities of hotels. We read the reviews on here and thought it\u2019d be a good place to start. We arrived at 3am, had a taxi from the...', 'user_contribution': u'49', 'user_name': u'Charlotte B', 'heading': u'Scary area', 'hotel_name': u'The Prime Balaji Deluxe @ New Delhi Railway Station Hotel'}
2018-08-16 14:33:19 [scrapy] DEBUG: Scraped from <200 https://www.tripadvisor.in/Hotel_Review-g304551-d633216-Reviews-The_Prime_Balaji_Deluxe_New_Delhi_Railway_Station_Hotel-New_Delhi_National_Capital_Terr.html>
{'review': u'Location: yes, this place is close to New Delhi railway station but the immediate vicinity is quite shady, seedy and busy outside. I don\u2019t think it\u2019s proximity to New Delhi railway station gives it an advantage given that tuk tuks are so cheap anyway. The...', 'user_contribution': u'36', 'user_name': u'CheshireTraveller007', 'heading': u'Hotel is good for the price, location looks good on a map but is in seedy surroundings ', 'hotel_name': u'The Prime Balaji Deluxe @ New Delhi Railway Station Hotel'}
2018-08-16 14:33:19 [scrapy] DEBUG: Scraped from <200 https://www.tripadvisor.in/Hotel_Review-g304551-d633216-Reviews-The_Prime_Balaji_Deluxe_New_Delhi_Railway_Station_Hotel-New_Delhi_National_Capital_Terr.html>
{'review': u'Awesome awesome awesome... ......     Everything is going correct every time.....   Front office staff is so helpfull and nice.  Sukhvinder and Rajat is always ready to help to every customer.  Total service is so fabulous.....', 'user_contribution': u'1', 'user_name': u'Reema m', 'heading': u'Nice place to stay in delhi while visit in India ..........', 'hotel_name': u'The Prime Balaji Deluxe @ New Delhi Railway Station Hotel'}
2018-08-16 14:33:19 [scrapy] DEBUG: Crawled (200) <GET https://www.tripadvisor.in/Hotel_Review-g304551-d3935266-Reviews-Treebo_Natraj_Yes_Please-New_Delhi_National_Capital_Territory_of_Delhi.html> (referer: https://www.tripadvisor.com/Hotels-g304551-New_Delhi_National_Capital_Territory_of_Delhi-Hotels.html)
2018-08-16 14:33:19 [scrapy] DEBUG: Crawled (200) <GET https://www.tripadvisor.in/Hotel_Review-g304551-d3219625-Reviews-Hotel_Prince_Palace_Deluxe-New_Delhi_National_Capital_Territory_of_Delhi.html> (referer: https://www.tripadvisor.com/Hotels-g304551-New_Delhi_National_Capital_Territory_of_Delhi-Hotels.html)
2018-08-16 14:33:19 [scrapy] DEBUG: Scraped from <200 https://www.tripadvisor.in/Hotel_Review-g304551-d3935266-Reviews-Treebo_Natraj_Yes_Please-New_Delhi_National_Capital_Territory_of_Delhi.html>
{'review': u'It was a relief staying at the Hotel, after completion of my tour. The rooms and toilets were very really clean. Staff were very helpful and above all Ashish at the Front Desk had been a great help from day one of my arrival in...', 'user_contribution': u'1', 'user_name': u'Neepa22', 'heading': u'Excellent!!', 'hotel_name': u'Treebo Natraj Yes Please'}
2018-08-16 14:33:19 [scrapy] DEBUG: Scraped from <200 https://www.tripadvisor.in/Hotel_Review-g304551-d3935266-Reviews-Treebo_Natraj_Yes_Please-New_Delhi_National_Capital_Territory_of_Delhi.html>
{'review': u'Please clean the bedsheets they are very unclean we were itching the whole two nights couldn\u2019t sleep try to maintain cleanliness in the bathroom and spread good breakfast so low options for breakfast.', 'user_contribution': u'1', 'user_name': u'singhsanj', 'heading': u'The bed was so unclean we were itching the whole night.\U0001f61f', 'hotel_name': u'Treebo Natraj Yes Please'}
2018-08-16 14:33:19 [scrapy] DEBUG: Scraped from <200 https://www.tripadvisor.in/Hotel_Review-g304551-d3935266-Reviews-Treebo_Natraj_Yes_Please-New_Delhi_National_Capital_Territory_of_Delhi.html>
{'review': None, 'user_contribution': None, 'user_name': u'Gunjan S', 'heading': None, 'hotel_name': u'Treebo Natraj Yes Please'}
2018-08-16 14:33:19 [scrapy] DEBUG: Scraped from <200 https://www.tripadvisor.in/Hotel_Review-g304551-d3935266-Reviews-Treebo_Natraj_Yes_Please-New_Delhi_National_Capital_Territory_of_Delhi.html>
{'review': u"It's been once again..My visit and stay in Delhi was comfortable due to the best hospitality by the hotel and the service staff namely Ashish, Vijay,Dharmaraj ji....Service boys named pawan, umesh and kailash. I appreciate their efforts to make my stay wonderful as earlier. Mr...", 'user_contribution': u'17', 'user_name': u'Vindresh M', 'heading': u'Again a nice visit\u263a\U0001f44d\U0001f44c', 'hotel_name': u'Treebo Natraj Yes Please'}
2018-08-16 14:33:19 [scrapy] DEBUG: Scraped from <200 https://www.tripadvisor.in/Hotel_Review-g304551-d3935266-Reviews-Treebo_Natraj_Yes_Please-New_Delhi_National_Capital_Territory_of_Delhi.html>
{'review': u"It was a pleasure to stay at this property.  It's a well maintained budget property situated about 350 meters walking distance from RK Ashram metro station.  The manager Mr Ashish was a wonderful person.  Very supportive and helpful.  The property has 2 lifts and power...", 'user_contribution': u'24', 'user_name': u'A TripAdvisor Member', 'heading': u'Wonderful place to Stay ', 'hotel_name': u'Treebo Natraj Yes Please'}
2018-08-16 14:33:19 [scrapy] DEBUG: Scraped from <200 https://www.tripadvisor.in/Hotel_Review-g304551-d3219625-Reviews-Hotel_Prince_Palace_Deluxe-New_Delhi_National_Capital_Territory_of_Delhi.html>
{'review': u'It makes me feel honestly surprise and astonished for such a nice Birthday arrangement, made by the Hotel Price palace delux team on special request.. Secondly very nice quality service.\r\nSpecial thanks to Mr.Abhishek and Mr.Deepak..\U0001f917\U0001f917\U0001f917\U0001f917\r\n\r\nRegards\r\nAmit & Ankita', 'user_contribution': u'1', 'user_name': u'Ankita S', 'heading': u'Comfort Chillout and Birthday Surprise\U0001f95e\U0001f942\U0001f37b\U0001f37b\U0001f37b', 'hotel_name': u'Hotel Prince Palace Deluxe'}
2018-08-16 14:33:19 [scrapy] DEBUG: Scraped from <200 https://www.tripadvisor.in/Hotel_Review-g304551-d3219625-Reviews-Hotel_Prince_Palace_Deluxe-New_Delhi_National_Capital_Territory_of_Delhi.html>
{'review': u'I was there for 30 days.. Rooms are awesome.. Staffs specially Avishek - his behavior, coordination with customers are really good... Will book again when I will..Abhishek ji manny manny thanks for ur help Nd Behavior..\U0001f44c\U0001f3fb\U0001f44c\U0001f3fb\U0001f44c\U0001f3fb\U0001f44c\U0001f3fb\U0001f44c\U0001f3fb', 'user_contribution': u'1', 'user_name': u'Gerrard P', 'heading': u'Bishwanath k', 'hotel_name': u'Hotel Prince Palace Deluxe'}
2018-08-16 14:33:19 [scrapy] DEBUG: Scraped from <200 https://www.tripadvisor.in/Hotel_Review-g304551-d3219625-Reviews-Hotel_Prince_Palace_Deluxe-New_Delhi_National_Capital_Territory_of_Delhi.html>
{'review': u'The hotel is very nice at the main bazar road of Paharganj. The service provided by the staff specially Mr. Abhishek was too good. I recommend this hotel to everyone to enjoy your stay at Delhi. It is near to RK Ashram Metro Station.', 'user_contribution': u'1', 'user_name': u'sujitpatil65', 'heading': u'Nice Hotel to Stay', 'hotel_name': u'Hotel Prince Palace Deluxe'}
2018-08-16 14:33:19 [scrapy] DEBUG: Scraped from <200 https://www.tripadvisor.in/Hotel_Review-g304551-d3219625-Reviews-Hotel_Prince_Palace_Deluxe-New_Delhi_National_Capital_Territory_of_Delhi.html>
{'review': u'It was a wonderful experience. I was there for 5 days.. Rooms are awesome.. Staffs specially Avishek - his behavior, coordination with customers are really good... Will book again when I will visit again to Delhi...', 'user_contribution': u'1', 'user_name': u'Chandan D', 'heading': u'Wonderful Experience', 'hotel_name': u'Hotel Prince Palace Deluxe'}
2018-08-16 14:33:19 [scrapy] DEBUG: Scraped from <200 https://www.tripadvisor.in/Hotel_Review-g304551-d3219625-Reviews-Hotel_Prince_Palace_Deluxe-New_Delhi_National_Capital_Territory_of_Delhi.html>
{'review': u'This hotel is very good hotel services ,Price ,rooms and the behavior of  their crew is specialty of this hotel.Mr Ajit kumar Singh , Jineesh Pratap Singh,Abhishek Singh and Depak kumar is a good example of the great and professional crew of this hotel. Good...', 'user_contribution': u'1', 'user_name': u'Samir B', 'heading': u'AMAZING HOTEL IN PAHARGANJ ', 'hotel_name': u'Hotel Prince Palace Deluxe'}
2018-08-16 14:33:20 [scrapy] DEBUG: Crawled (200) <GET https://www.tripadvisor.in/Hotel_Review-g304551-d1477310-Reviews-Hotel_Amax_Inn-New_Delhi_National_Capital_Territory_of_Delhi.html> (referer: https://www.tripadvisor.com/Hotels-g304551-New_Delhi_National_Capital_Territory_of_Delhi-Hotels.html)
2018-08-16 14:33:20 [scrapy] DEBUG: Crawled (200) <GET https://www.tripadvisor.in/Hotel_Review-g304551-d306951-Reviews-Hotel_Ajanta-New_Delhi_National_Capital_Territory_of_Delhi.html> (referer: https://www.tripadvisor.com/Hotels-g304551-New_Delhi_National_Capital_Territory_of_Delhi-Hotels.html)
2018-08-16 14:33:20 [scrapy] DEBUG: Crawled (200) <GET https://www.tripadvisor.in/Hotel_Review-g304551-d4173057-Reviews-Bloomrooms_New_Delhi_Railway_Station-New_Delhi_National_Capital_Territory_of_Delhi.html> (referer: https://www.tripadvisor.com/Hotels-g304551-New_Delhi_National_Capital_Territory_of_Delhi-Hotels.html)
2018-08-16 14:33:20 [scrapy] DEBUG: Crawled (200) <GET https://www.tripadvisor.in/Hotel_Review-g304551-d1077221-Reviews-Hotel_Godwin_Deluxe-New_Delhi_National_Capital_Territory_of_Delhi.html> (referer: https://www.tripadvisor.com/Hotels-g304551-New_Delhi_National_Capital_Territory_of_Delhi-Hotels.html)
2018-08-16 14:33:20 [scrapy] DEBUG: Scraped from <200 https://www.tripadvisor.in/Hotel_Review-g304551-d1477310-Reviews-Hotel_Amax_Inn-New_Delhi_National_Capital_Territory_of_Delhi.html>
{'review': u'I heard about this hotel from my friend.I stay there three nights.It is only 500 mtr from New Delhi railway statio.The room is clean and the birthroom also nice.The hotel people are very polite and helpful.This is situated in center of Delhi.They provide car for...', 'user_contribution': u'1', 'user_name': u'Amdadul H', 'heading': u'Best hotel for family stay', 'hotel_name': u'Hotel Amax Inn'}
2018-08-16 14:33:20 [scrapy] DEBUG: Scraped from <200 https://www.tripadvisor.in/Hotel_Review-g304551-d1477310-Reviews-Hotel_Amax_Inn-New_Delhi_National_Capital_Territory_of_Delhi.html>
{'review': u'I was travelling with my friend and stayed there Three nigts. The room clean and parfect. They have a roof top Restaurant where we taken our meal. We were taken a cab for Delhi local city tour for two days. The tour was nice. The...', 'user_contribution': u'1', 'user_name': u'rasoul g', 'heading': u'Best Hotel in Cheap Price', 'hotel_name': u'Hotel Amax Inn'}
2018-08-16 14:33:20 [scrapy] DEBUG: Scraped from <200 https://www.tripadvisor.in/Hotel_Review-g304551-d1477310-Reviews-Hotel_Amax_Inn-New_Delhi_National_Capital_Territory_of_Delhi.html>
{'review': u'I am from Iran and it was my first visit to India. We find Amax inn from our friends and found its perfect place for us. When we entered in the Alley of Arakashan road we were bit confused. But when we entered the hotel...', 'user_contribution': u'1', 'user_name': u'Sasan M', 'heading': u'Hotel amax inn the best in inda', 'hotel_name': u'Hotel Amax Inn'}
2018-08-16 14:33:20 [scrapy] DEBUG: Scraped from <200 https://www.tripadvisor.in/Hotel_Review-g304551-d1477310-Reviews-Hotel_Amax_Inn-New_Delhi_National_Capital_Territory_of_Delhi.html>
{'review': u'We all friends stayed inAmax inn and we really enjoyed our stay. The Rooms are clean and tidy with clean bathrooms.\nThe staff is always welcoming and helpful for all-the queries. We Recommend this place.', 'user_contribution': u'1', 'user_name': u'hassantehranlive', 'heading': u'Hotel amax ann is very good', 'hotel_name': u'Hotel Amax Inn'}
2018-08-16 14:33:20 [scrapy] DEBUG: Scraped from <200 https://www.tripadvisor.in/Hotel_Review-g304551-d1477310-Reviews-Hotel_Amax_Inn-New_Delhi_National_Capital_Territory_of_Delhi.html>
{'review': u'Great hotel. The room was very clean and the staff was very friendly and helpful.Good value for money. Room service and food was excellent. The environment is also good. I would highly recommend this hotel to others.', 'user_contribution': u'3', 'user_name': u'Teeja R', 'heading': u'Delhi Trip', 'hotel_name': u'Hotel Amax Inn'}
2018-08-16 14:33:20 [scrapy] DEBUG: Scraped from <200 https://www.tripadvisor.in/Hotel_Review-g304551-d306951-Reviews-Hotel_Ajanta-New_Delhi_National_Capital_Territory_of_Delhi.html>
{'review': u'The hotel is a good choice for staying in the centre of Delhi, with good rooms to stay in. The hotels real strength came from the staffs ability to help. A special mention to the lady in the front desk team (She is the only...', 'user_contribution': u'5', 'user_name': u'VJPOO', 'heading': u'Good hotel in the heart of the city', 'hotel_name': u'Hotel Ajanta'}
2018-08-16 14:33:20 [scrapy] DEBUG: Scraped from <200 https://www.tripadvisor.in/Hotel_Review-g304551-d306951-Reviews-Hotel_Ajanta-New_Delhi_National_Capital_Territory_of_Delhi.html>
{'review': u'A nice trip in Rajasthan with good and serious organisation and a marvelous guide. H\xf4tel ajanta is a good address for departure with family. It was the best solution with children. Very confortable and convenient daniel', 'user_contribution': u'1', 'user_name': u'renard2018', 'heading': u'Trip in radjasthan', 'hotel_name': u'Hotel Ajanta'}
2018-08-16 14:33:20 [scrapy] DEBUG: Scraped from <200 https://www.tripadvisor.in/Hotel_Review-g304551-d306951-Reviews-Hotel_Ajanta-New_Delhi_National_Capital_Territory_of_Delhi.html>
{'review': u'Espacious and clean rooms, very professional, attentive and friendly staff (The recepcionist help us to coordinate the pick up when our flight was delayed and the guy from the travel desk planned our stay according to our interests) and located in a central street well...', 'user_contribution': u'1', 'user_name': u'Galeraf', 'heading': u'Enjoy it!', 'hotel_name': u'Hotel Ajanta'}
2018-08-16 14:33:20 [scrapy] DEBUG: Scraped from <200 https://www.tripadvisor.in/Hotel_Review-g304551-d306951-Reviews-Hotel_Ajanta-New_Delhi_National_Capital_Territory_of_Delhi.html>
{'review': u'Excellent staff, good quality of food . Cleaning  was done regularly. Air conditioning system is not up-to the mark,needs improvement. Reception staff took little bit more time to allot room. Complimentary Breakfast needs improvement in terms of variety and quality. Overall excellent experience staying at...', 'user_contribution': u'1', 'user_name': u'Nilesh C', 'heading': u'Hotel Ajanta is Worth for money', 'hotel_name': u'Hotel Ajanta'}
2018-08-16 14:33:20 [scrapy] DEBUG: Scraped from <200 https://www.tripadvisor.in/Hotel_Review-g304551-d306951-Reviews-Hotel_Ajanta-New_Delhi_National_Capital_Territory_of_Delhi.html>
{'review': u'Me and my friend had already planned our trip in India, with Delhi and Agra in mind. The hotel manager advised us to do the golden triangle instead, to get the most of our visit in India. We agreed to this, and got a private...', 'user_contribution': u'1', 'user_name': u'Simon H', 'heading': u'Golden Triangle', 'hotel_name': u'Hotel Ajanta'}
2018-08-16 14:33:20 [scrapy] DEBUG: Scraped from <200 https://www.tripadvisor.in/Hotel_Review-g304551-d4173057-Reviews-Bloomrooms_New_Delhi_Railway_Station-New_Delhi_National_Capital_Territory_of_Delhi.html>
{'review': u'BloomRooms is a very nice and clean hotel, pictures presented online are accurate. We personally did not enjoyed our visit and I\u2019m not sure if we will stay there again. But that was our personal experience.\n\nPros\n* Hotel is very clean\n* Rooms are...', 'user_contribution': u'10', 'user_name': u'villamen_cr', 'heading': u'Nice hotel, not that nice location ', 'hotel_name': u'bloomrooms @ New Delhi Railway Station'}
2018-08-16 14:33:20 [scrapy] DEBUG: Scraped from <200 https://www.tripadvisor.in/Hotel_Review-g304551-d4173057-Reviews-Bloomrooms_New_Delhi_Railway_Station-New_Delhi_National_Capital_Territory_of_Delhi.html>
{'review': u'I stayed at bloomrooms during my stay in New Delhi. It is easy to access, just few minutes away from railway station.\nRooms are clean & tidy. Shower is good. Hot water everytime. Breakfast was good, mixture of continental & Indian.\nIt is few minutes...', 'user_contribution': u'114', 'user_name': u'nikhil3084', 'heading': u'Excellent Stay', 'hotel_name': u'bloomrooms @ New Delhi Railway Station'}
2018-08-16 14:33:20 [scrapy] DEBUG: Scraped from <200 https://www.tripadvisor.in/Hotel_Review-g304551-d4173057-Reviews-Bloomrooms_New_Delhi_Railway_Station-New_Delhi_National_Capital_Territory_of_Delhi.html>
{'review': u'We stayed at Bloomrooms@New Delhi Railway station for 5 nights in early Aug. Being a family of 3- 2 adults and 1 child (14 yr old) we booked 2 rooms - Queen ( sleeps 2) and a Single room. The check-in process was quick. The...', 'user_contribution': u'15', 'user_name': u'PravinMM', 'heading': u'Clean & delightful stay', 'hotel_name': u'bloomrooms @ New Delhi Railway Station'}
2018-08-16 14:33:20 [scrapy] DEBUG: Scraped from <200 https://www.tripadvisor.in/Hotel_Review-g304551-d4173057-Reviews-Bloomrooms_New_Delhi_Railway_Station-New_Delhi_National_Capital_Territory_of_Delhi.html>
{'review': u'The hotel is located on Good location and not far from railways station. The room is very clean and bathroom has shower. Staffs are good services and the restaurant is good. Pizza is very delicious. And breakfast has vary menu.', 'user_contribution': u'2', 'user_name': u'Imsiri', 'heading': u'Good hotel', 'hotel_name': u'bloomrooms @ New Delhi Railway Station'}
2018-08-16 14:33:20 [scrapy] DEBUG: Scraped from <200 https://www.tripadvisor.in/Hotel_Review-g304551-d4173057-Reviews-Bloomrooms_New_Delhi_Railway_Station-New_Delhi_National_Capital_Territory_of_Delhi.html>
{'review': u"A very good budget hotel offering clean rooms at a very dirty city like Delhi. Maybe that's why it is preffered by a lot of foreigners. Here are some of my findings\n\n1. Room Service 4/5\n2. Amenities 4/5\n3. Location 4/5\n4. Cleanliness 5/5...", 'user_contribution': u'21', 'user_name': u'NI K', 'heading': u'Clean & Well Maintained', 'hotel_name': u'bloomrooms @ New Delhi Railway Station'}
2018-08-16 14:33:20 [scrapy] DEBUG: Scraped from <200 https://www.tripadvisor.in/Hotel_Review-g304551-d1077221-Reviews-Hotel_Godwin_Deluxe-New_Delhi_National_Capital_Territory_of_Delhi.html>
{'review': u'We stayed in Hotel Godwin Deluxe for 2 nights as part of our family trip to India. The staff were all friendly, helpful and accommodating.\n\nOur room was spacious enough but some of the rooms do not have windows making them feel a little dark....', 'user_contribution': u'16', 'user_name': u'Kayleighnichols', 'heading': u'Short stay hotel ', 'hotel_name': u'Hotel Godwin Deluxe'}
2018-08-16 14:33:20 [scrapy] DEBUG: Scraped from <200 https://www.tripadvisor.in/Hotel_Review-g304551-d1077221-Reviews-Hotel_Godwin_Deluxe-New_Delhi_National_Capital_Territory_of_Delhi.html>
{'review': u'I had a good time in hotel godwin deluxe ... all the staff very helpful so kind .. the room is newly renovated and good services and resturant also nice .. food was deleicious and i recommendeda too all my family n friends..', 'user_contribution': u'1', 'user_name': u'houssein D', 'heading': u'Great visit', 'hotel_name': u'Hotel Godwin Deluxe'}
2018-08-16 14:33:20 [scrapy] DEBUG: Scraped from <200 https://www.tripadvisor.in/Hotel_Review-g304551-d1077221-Reviews-Hotel_Godwin_Deluxe-New_Delhi_National_Capital_Territory_of_Delhi.html>
{'review': u'If you want to stay close to Main Bazar and Delhi Rail Station this is a good option.\nVery confortable bed and shower.\nThe staff is very helpful.\nThe restaurant is super good.\n\nThey can change money, give travel advice and also luggage storage.\n\nGood...', 'user_contribution': u'132', 'user_name': u'Siyana C', 'heading': u'Nice place in Delhi', 'hotel_name': u'Hotel Godwin Deluxe'}
2018-08-16 14:33:20 [scrapy] DEBUG: Scraped from <200 https://www.tripadvisor.in/Hotel_Review-g304551-d1077221-Reviews-Hotel_Godwin_Deluxe-New_Delhi_National_Capital_Territory_of_Delhi.html>
{'review': u'Thank you to the staff, especially Shakeed and, of course, the wonderful Apar. We enjoyed 4 great nights. The hotel is centrally located and the staff were helpful and friendly. We were two ladies on our own so it was good to feel safe and...', 'user_contribution': u'9', 'user_name': u'KerrinLeeWilson', 'heading': u'Value for $$$', 'hotel_name': u'Hotel Godwin Deluxe'}
2018-08-16 14:33:20 [scrapy] DEBUG: Scraped from <200 https://www.tripadvisor.in/Hotel_Review-g304551-d1077221-Reviews-Hotel_Godwin_Deluxe-New_Delhi_National_Capital_Territory_of_Delhi.html>
{'review': u'My visit on Godwin h\xf4tel very good staff and h\xf4tel very nice rooms are very big and big h\xf4tel n\xe9ant to every market location is very Nice .. today i \xe0m leaving France but i will ne C\xf4me b\xe2ckk Again h\xe8re..', 'user_contribution': u'1', 'user_name': u'Herv\xe9 V', 'heading': u'Gr\xe9\xe2t stay', 'hotel_name': u'Hotel Godwin Deluxe'}
2018-08-16 14:33:20 [scrapy] DEBUG: Crawled (200) <GET https://www.tripadvisor.in/Hotel_Review-g304551-d3520941-Reviews-Hotel_City_Star-New_Delhi_National_Capital_Territory_of_Delhi.html> (referer: https://www.tripadvisor.com/Hotels-g304551-New_Delhi_National_Capital_Territory_of_Delhi-Hotels.html)
2018-08-16 14:33:20 [scrapy] DEBUG: Scraped from <200 https://www.tripadvisor.in/Hotel_Review-g304551-d3520941-Reviews-Hotel_City_Star-New_Delhi_National_Capital_Territory_of_Delhi.html>
{'review': u'Small paradise corner in the middle of Delhi confusion.\r\nYou can feel how they care about you since you step inside, with welcome drinks and smiling faces\r\n\r\nThe rooms are very clean, the restaurant have a large variety of high quality dishes you can choose,...', 'user_contribution': u'1', 'user_name': u'Riccardo N', 'heading': u'Quality, Kindness, Humanity', 'hotel_name': u'Hotel City Star'}
2018-08-16 14:33:20 [scrapy] DEBUG: Scraped from <200 https://www.tripadvisor.in/Hotel_Review-g304551-d3520941-Reviews-Hotel_City_Star-New_Delhi_National_Capital_Territory_of_Delhi.html>
{'review': u'Spacious lounge but not reflects in rooms. Efforts to be made to improve food quality. Hotel is just aside of the main road. Surroundings needs to be improved. Bathroom water supply is not steady and water looks hard.', 'user_contribution': u'5', 'user_name': u'vishnuvardhan b', 'heading': u'An average stay', 'hotel_name': u'Hotel City Star'}
2018-08-16 14:33:20 [scrapy] DEBUG: Scraped from <200 https://www.tripadvisor.in/Hotel_Review-g304551-d3520941-Reviews-Hotel_City_Star-New_Delhi_National_Capital_Territory_of_Delhi.html>
{'review': u'I have stayed in this hotel so many times but this is the first time I m giving my experience in this property I have stayed in other hotels  in Delhi but this is the best hotel staff is wonderful specially anchit Bandhu in reception...', 'user_contribution': u'1', 'user_name': u'Phuyosa Y', 'heading': u'Amazing and comfortable stay', 'hotel_name': u'Hotel City Star'}
2018-08-16 14:33:20 [scrapy] DEBUG: Scraped from <200 https://www.tripadvisor.in/Hotel_Review-g304551-d3520941-Reviews-Hotel_City_Star-New_Delhi_National_Capital_Territory_of_Delhi.html>
{'review': u'Our stay at the Hotel City Star was on the 8th & 9th of August 2018. Our Flight in from Bangkok arrived at 2.00AM in the morning so I had organised an airport transfer with the hotel for us & after a phone call on...', 'user_contribution': u'335', 'user_name': u'3406E', 'heading': u'Great Service & quality clean hotel', 'hotel_name': u'Hotel City Star'}
2018-08-16 14:33:20 [scrapy] DEBUG: Scraped from <200 https://www.tripadvisor.in/Hotel_Review-g304551-d3520941-Reviews-Hotel_City_Star-New_Delhi_National_Capital_Territory_of_Delhi.html>
{'review': u'beautiful room comfy bed, really clean and quiet in the room. Breakfast was great. Really enjoyed the banana pancake. Rooftop bar has great views. Staff are very helpful and helped us to sort our onward travel and exchange currency.', 'user_contribution': u'1', 'user_name': u'Gina G', 'heading': u'Great hotel!', 'hotel_name': u'Hotel City Star'}
2018-08-16 14:33:20 [scrapy] DEBUG: Crawled (200) <GET https://www.tripadvisor.in/Hotel_Review-g304551-d661234-Reviews-Hotel_Palace_Heights-New_Delhi_National_Capital_Territory_of_Delhi.html> (referer: https://www.tripadvisor.com/Hotels-g304551-New_Delhi_National_Capital_Territory_of_Delhi-Hotels.html)
2018-08-16 14:33:20 [scrapy] DEBUG: Scraped from <200 https://www.tripadvisor.in/Hotel_Review-g304551-d661234-Reviews-Hotel_Palace_Heights-New_Delhi_National_Capital_Territory_of_Delhi.html>
{'review': u'We stayed here for 3 nights and were very happy with this hotel:  great location, clean and comfortable bed, friendly and helpful staff, restaurant having excellent Indian cuisine.     We would definitely stay here again in the future.\r\n\r\nThe Lees family from Houston, Texas, U.S.A.', 'user_contribution': u'5', 'user_name': u'cheesusan', 'heading': u'A very satisfied stay', 'hotel_name': u'Hotel Palace Heights'}
2018-08-16 14:33:20 [scrapy] DEBUG: Scraped from <200 https://www.tripadvisor.in/Hotel_Review-g304551-d661234-Reviews-Hotel_Palace_Heights-New_Delhi_National_Capital_Territory_of_Delhi.html>
{'review': u'Stayed at Palace Heights for a day in June. Rooms were well appointed and all the amenities necessary for a good stay. But what makes the difference in such hotels is the quality of service. The quality of service right from check in to check...', 'user_contribution': u'13', 'user_name': u'Rajkhanter', 'heading': u'Short and Sweet Visit', 'hotel_name': u'Hotel Palace Heights'}
2018-08-16 14:33:20 [scrapy] DEBUG: Scraped from <200 https://www.tripadvisor.in/Hotel_Review-g304551-d661234-Reviews-Hotel_Palace_Heights-New_Delhi_National_Capital_Territory_of_Delhi.html>
{'review': u'We booked this hotel for three nights after looking at reviews in the Lonely Planet and TripAdvisor. We were pleasantly surprised at the warm welcome and great service we received throughout our stay. Staff went above and beyond to look after us. The food in...', 'user_contribution': u'9', 'user_name': u'Marian D', 'heading': u'Wonderful Stay', 'hotel_name': u'Hotel Palace Heights'}
2018-08-16 14:33:20 [scrapy] DEBUG: Scraped from <200 https://www.tripadvisor.in/Hotel_Review-g304551-d661234-Reviews-Hotel_Palace_Heights-New_Delhi_National_Capital_Territory_of_Delhi.html>
{'review': u'I stayed here 2 nights and it was excellent. The staff is very friendly and helped me find my way around. They gave me great restaurant recommendations. Subway is close by and easy to navigate. Of course the street touts are out and about nearby....', 'user_contribution': u'12', 'user_name': u'Dan J', 'heading': u'Great Location and Friendly Staff', 'hotel_name': u'Hotel Palace Heights'}
2018-08-16 14:33:20 [scrapy] DEBUG: Scraped from <200 https://www.tripadvisor.in/Hotel_Review-g304551-d661234-Reviews-Hotel_Palace_Heights-New_Delhi_National_Capital_Territory_of_Delhi.html>
{'review': u"I had a great experience at the Hotel Palace Heights. It's just a stone's throw from Gate 3 in the Rajiv Chowk metro station, so it's a very convenient location for those using public transportation. I had several tours in Delhi, and since many of...", 'user_contribution': u'22', 'user_name': u'rj6924', 'heading': u'Great location, friendly staff', 'hotel_name': u'Hotel Palace Heights'}
2018-08-16 14:33:20 [scrapy] INFO: Closing spider (finished)
2018-08-16 14:33:20 [scrapy] INFO: Dumping Scrapy stats:
{'downloader/request_bytes': 35446,
 'downloader/request_count': 33,
 'downloader/request_method_count/GET': 33,
 'downloader/response_bytes': 4722728,
 'downloader/response_count': 33,
 'downloader/response_status_count/200': 33,
 'finish_reason': 'finished',
 'finish_time': datetime.datetime(2018, 8, 16, 9, 3, 20, 995806),
 'item_scraped_count': 150,
 'log_count/DEBUG': 183,
 'log_count/INFO': 6,
 'memusage/max': 59002880,
 'memusage/startup': 59002880,
 'request_depth_max': 1,
 'response_received_count': 33,
 'scheduler/dequeued': 31,
 'scheduler/dequeued/memory': 31,
 'scheduler/enqueued': 31,
 'scheduler/enqueued/memory': 31,
 'start_time': datetime.datetime(2018, 8, 16, 9, 3, 13, 754768)}
2018-08-16 14:33:20 [scrapy] INFO: Spider closed (finished)
